============================= test session starts =============================
platform win32 -- Python 3.12.4, pytest-8.3.5, pluggy-1.5.0 -- C:\Users\ASUS\Desktop\gsoc\holidays\venv\Scripts\python.exe
cachedir: .pytest_cache
rootdir: C:\Users\ASUS\Desktop\gsoc\holidays
configfile: pyproject.toml
plugins: cov-6.1.1
collecting ... collected 117 items / 172 errors

=================================== ERRORS ====================================
____________ ERROR collecting tests/countries/test_afghanistan.py _____________
ImportError while importing test module 'C:\Users\ASUS\Desktop\gsoc\holidays\tests\countries\test_afghanistan.py'.
Hint: make sure your test modules/packages have valid Python names.
Traceback:
venv\Lib\site-packages\_pytest\python.py:493: in importtestmodule
    mod = import_path(
venv\Lib\site-packages\_pytest\pathlib.py:587: in import_path
    importlib.import_module(module_name)
..\..\..\AppData\Local\Programs\Python\Python312\Lib\importlib\__init__.py:90: in import_module
    return _bootstrap._gcd_import(name[level:], package, level)
<frozen importlib._bootstrap>:1387: in _gcd_import
    ???
<frozen importlib._bootstrap>:1360: in _find_and_load
    ???
<frozen importlib._bootstrap>:1331: in _find_and_load_unlocked
    ???
<frozen importlib._bootstrap>:935: in _load_unlocked
    ???
venv\Lib\site-packages\_pytest\assertion\rewrite.py:185: in exec_module
    exec(co, module.__dict__)
tests\countries\test_afghanistan.py:16: in <module>
    from tests.common import CommonCountryTests
tests\common.py:21: in <module>
    from holidays import HolidayBase
E   ImportError: cannot import name 'HolidayBase' from 'holidays' (C:\Users\ASUS\Desktop\gsoc\holidays\__init__.py). Did you mean: 'holiday_base'?
______________ ERROR collecting tests/countries/test_albania.py _______________
ImportError while importing test module 'C:\Users\ASUS\Desktop\gsoc\holidays\tests\countries\test_albania.py'.
Hint: make sure your test modules/packages have valid Python names.
Traceback:
venv\Lib\site-packages\_pytest\python.py:493: in importtestmodule
    mod = import_path(
venv\Lib\site-packages\_pytest\pathlib.py:587: in import_path
    importlib.import_module(module_name)
..\..\..\AppData\Local\Programs\Python\Python312\Lib\importlib\__init__.py:90: in import_module
    return _bootstrap._gcd_import(name[level:], package, level)
<frozen importlib._bootstrap>:1387: in _gcd_import
    ???
<frozen importlib._bootstrap>:1360: in _find_and_load
    ???
<frozen importlib._bootstrap>:1331: in _find_and_load_unlocked
    ???
<frozen importlib._bootstrap>:935: in _load_unlocked
    ???
venv\Lib\site-packages\_pytest\assertion\rewrite.py:185: in exec_module
    exec(co, module.__dict__)
tests\countries\test_albania.py:16: in <module>
    from tests.common import CommonCountryTests
tests\common.py:21: in <module>
    from holidays import HolidayBase
E   ImportError: cannot import name 'HolidayBase' from 'holidays' (C:\Users\ASUS\Desktop\gsoc\holidays\__init__.py). Did you mean: 'holiday_base'?
______________ ERROR collecting tests/countries/test_algeria.py _______________
ImportError while importing test module 'C:\Users\ASUS\Desktop\gsoc\holidays\tests\countries\test_algeria.py'.
Hint: make sure your test modules/packages have valid Python names.
Traceback:
venv\Lib\site-packages\_pytest\python.py:493: in importtestmodule
    mod = import_path(
venv\Lib\site-packages\_pytest\pathlib.py:587: in import_path
    importlib.import_module(module_name)
..\..\..\AppData\Local\Programs\Python\Python312\Lib\importlib\__init__.py:90: in import_module
    return _bootstrap._gcd_import(name[level:], package, level)
<frozen importlib._bootstrap>:1387: in _gcd_import
    ???
<frozen importlib._bootstrap>:1360: in _find_and_load
    ???
<frozen importlib._bootstrap>:1331: in _find_and_load_unlocked
    ???
<frozen importlib._bootstrap>:935: in _load_unlocked
    ???
venv\Lib\site-packages\_pytest\assertion\rewrite.py:185: in exec_module
    exec(co, module.__dict__)
tests\countries\test_algeria.py:16: in <module>
    from tests.common import CommonCountryTests
tests\common.py:21: in <module>
    from holidays import HolidayBase
E   ImportError: cannot import name 'HolidayBase' from 'holidays' (C:\Users\ASUS\Desktop\gsoc\holidays\__init__.py). Did you mean: 'holiday_base'?
___________ ERROR collecting tests/countries/test_american_samoa.py ___________
ImportError while importing test module 'C:\Users\ASUS\Desktop\gsoc\holidays\tests\countries\test_american_samoa.py'.
Hint: make sure your test modules/packages have valid Python names.
Traceback:
venv\Lib\site-packages\_pytest\python.py:493: in importtestmodule
    mod = import_path(
venv\Lib\site-packages\_pytest\pathlib.py:587: in import_path
    importlib.import_module(module_name)
..\..\..\AppData\Local\Programs\Python\Python312\Lib\importlib\__init__.py:90: in import_module
    return _bootstrap._gcd_import(name[level:], package, level)
<frozen importlib._bootstrap>:1387: in _gcd_import
    ???
<frozen importlib._bootstrap>:1360: in _find_and_load
    ???
<frozen importlib._bootstrap>:1331: in _find_and_load_unlocked
    ???
<frozen importlib._bootstrap>:935: in _load_unlocked
    ???
venv\Lib\site-packages\_pytest\assertion\rewrite.py:185: in exec_module
    exec(co, module.__dict__)
tests\countries\test_american_samoa.py:17: in <module>
    from tests.common import CommonCountryTests
tests\common.py:21: in <module>
    from holidays import HolidayBase
E   ImportError: cannot import name 'HolidayBase' from 'holidays' (C:\Users\ASUS\Desktop\gsoc\holidays\__init__.py). Did you mean: 'holiday_base'?
______________ ERROR collecting tests/countries/test_andorra.py _______________
ImportError while importing test module 'C:\Users\ASUS\Desktop\gsoc\holidays\tests\countries\test_andorra.py'.
Hint: make sure your test modules/packages have valid Python names.
Traceback:
venv\Lib\site-packages\_pytest\python.py:493: in importtestmodule
    mod = import_path(
venv\Lib\site-packages\_pytest\pathlib.py:587: in import_path
    importlib.import_module(module_name)
..\..\..\AppData\Local\Programs\Python\Python312\Lib\importlib\__init__.py:90: in import_module
    return _bootstrap._gcd_import(name[level:], package, level)
<frozen importlib._bootstrap>:1387: in _gcd_import
    ???
<frozen importlib._bootstrap>:1360: in _find_and_load
    ???
<frozen importlib._bootstrap>:1331: in _find_and_load_unlocked
    ???
<frozen importlib._bootstrap>:935: in _load_unlocked
    ???
venv\Lib\site-packages\_pytest\assertion\rewrite.py:185: in exec_module
    exec(co, module.__dict__)
tests\countries\test_andorra.py:16: in <module>
    from tests.common import CommonCountryTests
tests\common.py:21: in <module>
    from holidays import HolidayBase
E   ImportError: cannot import name 'HolidayBase' from 'holidays' (C:\Users\ASUS\Desktop\gsoc\holidays\__init__.py). Did you mean: 'holiday_base'?
_______________ ERROR collecting tests/countries/test_angola.py _______________
ImportError while importing test module 'C:\Users\ASUS\Desktop\gsoc\holidays\tests\countries\test_angola.py'.
Hint: make sure your test modules/packages have valid Python names.
Traceback:
venv\Lib\site-packages\_pytest\python.py:493: in importtestmodule
    mod = import_path(
venv\Lib\site-packages\_pytest\pathlib.py:587: in import_path
    importlib.import_module(module_name)
..\..\..\AppData\Local\Programs\Python\Python312\Lib\importlib\__init__.py:90: in import_module
    return _bootstrap._gcd_import(name[level:], package, level)
<frozen importlib._bootstrap>:1387: in _gcd_import
    ???
<frozen importlib._bootstrap>:1360: in _find_and_load
    ???
<frozen importlib._bootstrap>:1331: in _find_and_load_unlocked
    ???
<frozen importlib._bootstrap>:935: in _load_unlocked
    ???
venv\Lib\site-packages\_pytest\assertion\rewrite.py:185: in exec_module
    exec(co, module.__dict__)
tests\countries\test_angola.py:16: in <module>
    from tests.common import CommonCountryTests
tests\common.py:21: in <module>
    from holidays import HolidayBase
E   ImportError: cannot import name 'HolidayBase' from 'holidays' (C:\Users\ASUS\Desktop\gsoc\holidays\__init__.py). Did you mean: 'holiday_base'?
________ ERROR collecting tests/countries/test_antigua_and_barbuda.py _________
ImportError while importing test module 'C:\Users\ASUS\Desktop\gsoc\holidays\tests\countries\test_antigua_and_barbuda.py'.
Hint: make sure your test modules/packages have valid Python names.
Traceback:
venv\Lib\site-packages\_pytest\python.py:493: in importtestmodule
    mod = import_path(
venv\Lib\site-packages\_pytest\pathlib.py:587: in import_path
    importlib.import_module(module_name)
..\..\..\AppData\Local\Programs\Python\Python312\Lib\importlib\__init__.py:90: in import_module
    return _bootstrap._gcd_import(name[level:], package, level)
<frozen importlib._bootstrap>:1387: in _gcd_import
    ???
<frozen importlib._bootstrap>:1360: in _find_and_load
    ???
<frozen importlib._bootstrap>:1331: in _find_and_load_unlocked
    ???
<frozen importlib._bootstrap>:935: in _load_unlocked
    ???
venv\Lib\site-packages\_pytest\assertion\rewrite.py:185: in exec_module
    exec(co, module.__dict__)
tests\countries\test_antigua_and_barbuda.py:16: in <module>
    from tests.common import CommonCountryTests
tests\common.py:21: in <module>
    from holidays import HolidayBase
E   ImportError: cannot import name 'HolidayBase' from 'holidays' (C:\Users\ASUS\Desktop\gsoc\holidays\__init__.py). Did you mean: 'holiday_base'?
_____________ ERROR collecting tests/countries/test_argentina.py ______________
ImportError while importing test module 'C:\Users\ASUS\Desktop\gsoc\holidays\tests\countries\test_argentina.py'.
Hint: make sure your test modules/packages have valid Python names.
Traceback:
venv\Lib\site-packages\_pytest\python.py:493: in importtestmodule
    mod = import_path(
venv\Lib\site-packages\_pytest\pathlib.py:587: in import_path
    importlib.import_module(module_name)
..\..\..\AppData\Local\Programs\Python\Python312\Lib\importlib\__init__.py:90: in import_module
    return _bootstrap._gcd_import(name[level:], package, level)
<frozen importlib._bootstrap>:1387: in _gcd_import
    ???
<frozen importlib._bootstrap>:1360: in _find_and_load
    ???
<frozen importlib._bootstrap>:1331: in _find_and_load_unlocked
    ???
<frozen importlib._bootstrap>:935: in _load_unlocked
    ???
venv\Lib\site-packages\_pytest\assertion\rewrite.py:185: in exec_module
    exec(co, module.__dict__)
tests\countries\test_argentina.py:17: in <module>
    from tests.common import CommonCountryTests
tests\common.py:21: in <module>
    from holidays import HolidayBase
E   ImportError: cannot import name 'HolidayBase' from 'holidays' (C:\Users\ASUS\Desktop\gsoc\holidays\__init__.py). Did you mean: 'holiday_base'?
______________ ERROR collecting tests/countries/test_armenia.py _______________
ImportError while importing test module 'C:\Users\ASUS\Desktop\gsoc\holidays\tests\countries\test_armenia.py'.
Hint: make sure your test modules/packages have valid Python names.
Traceback:
venv\Lib\site-packages\_pytest\python.py:493: in importtestmodule
    mod = import_path(
venv\Lib\site-packages\_pytest\pathlib.py:587: in import_path
    importlib.import_module(module_name)
..\..\..\AppData\Local\Programs\Python\Python312\Lib\importlib\__init__.py:90: in import_module
    return _bootstrap._gcd_import(name[level:], package, level)
<frozen importlib._bootstrap>:1387: in _gcd_import
    ???
<frozen importlib._bootstrap>:1360: in _find_and_load
    ???
<frozen importlib._bootstrap>:1331: in _find_and_load_unlocked
    ???
<frozen importlib._bootstrap>:935: in _load_unlocked
    ???
venv\Lib\site-packages\_pytest\assertion\rewrite.py:185: in exec_module
    exec(co, module.__dict__)
tests\countries\test_armenia.py:16: in <module>
    from tests.common import CommonCountryTests
tests\common.py:21: in <module>
    from holidays import HolidayBase
E   ImportError: cannot import name 'HolidayBase' from 'holidays' (C:\Users\ASUS\Desktop\gsoc\holidays\__init__.py). Did you mean: 'holiday_base'?
_______________ ERROR collecting tests/countries/test_aruba.py ________________
ImportError while importing test module 'C:\Users\ASUS\Desktop\gsoc\holidays\tests\countries\test_aruba.py'.
Hint: make sure your test modules/packages have valid Python names.
Traceback:
venv\Lib\site-packages\_pytest\python.py:493: in importtestmodule
    mod = import_path(
venv\Lib\site-packages\_pytest\pathlib.py:587: in import_path
    importlib.import_module(module_name)
..\..\..\AppData\Local\Programs\Python\Python312\Lib\importlib\__init__.py:90: in import_module
    return _bootstrap._gcd_import(name[level:], package, level)
<frozen importlib._bootstrap>:1387: in _gcd_import
    ???
<frozen importlib._bootstrap>:1360: in _find_and_load
    ???
<frozen importlib._bootstrap>:1331: in _find_and_load_unlocked
    ???
<frozen importlib._bootstrap>:935: in _load_unlocked
    ???
venv\Lib\site-packages\_pytest\assertion\rewrite.py:185: in exec_module
    exec(co, module.__dict__)
tests\countries\test_aruba.py:16: in <module>
    from tests.common import CommonCountryTests
tests\common.py:21: in <module>
    from holidays import HolidayBase
E   ImportError: cannot import name 'HolidayBase' from 'holidays' (C:\Users\ASUS\Desktop\gsoc\holidays\__init__.py). Did you mean: 'holiday_base'?
_____________ ERROR collecting tests/countries/test_australia.py ______________
ImportError while importing test module 'C:\Users\ASUS\Desktop\gsoc\holidays\tests\countries\test_australia.py'.
Hint: make sure your test modules/packages have valid Python names.
Traceback:
venv\Lib\site-packages\_pytest\python.py:493: in importtestmodule
    mod = import_path(
venv\Lib\site-packages\_pytest\pathlib.py:587: in import_path
    importlib.import_module(module_name)
..\..\..\AppData\Local\Programs\Python\Python312\Lib\importlib\__init__.py:90: in import_module
    return _bootstrap._gcd_import(name[level:], package, level)
<frozen importlib._bootstrap>:1387: in _gcd_import
    ???
<frozen importlib._bootstrap>:1360: in _find_and_load
    ???
<frozen importlib._bootstrap>:1331: in _find_and_load_unlocked
    ???
<frozen importlib._bootstrap>:935: in _load_unlocked
    ???
venv\Lib\site-packages\_pytest\assertion\rewrite.py:185: in exec_module
    exec(co, module.__dict__)
tests\countries\test_australia.py:19: in <module>
    from tests.common import CommonCountryTests
tests\common.py:21: in <module>
    from holidays import HolidayBase
E   ImportError: cannot import name 'HolidayBase' from 'holidays' (C:\Users\ASUS\Desktop\gsoc\holidays\__init__.py). Did you mean: 'holiday_base'?
______________ ERROR collecting tests/countries/test_austria.py _______________
ImportError while importing test module 'C:\Users\ASUS\Desktop\gsoc\holidays\tests\countries\test_austria.py'.
Hint: make sure your test modules/packages have valid Python names.
Traceback:
venv\Lib\site-packages\_pytest\python.py:493: in importtestmodule
    mod = import_path(
venv\Lib\site-packages\_pytest\pathlib.py:587: in import_path
    importlib.import_module(module_name)
..\..\..\AppData\Local\Programs\Python\Python312\Lib\importlib\__init__.py:90: in import_module
    return _bootstrap._gcd_import(name[level:], package, level)
<frozen importlib._bootstrap>:1387: in _gcd_import
    ???
<frozen importlib._bootstrap>:1360: in _find_and_load
    ???
<frozen importlib._bootstrap>:1331: in _find_and_load_unlocked
    ???
<frozen importlib._bootstrap>:935: in _load_unlocked
    ???
venv\Lib\site-packages\_pytest\assertion\rewrite.py:185: in exec_module
    exec(co, module.__dict__)
tests\countries\test_austria.py:17: in <module>
    from tests.common import CommonCountryTests
tests\common.py:21: in <module>
    from holidays import HolidayBase
E   ImportError: cannot import name 'HolidayBase' from 'holidays' (C:\Users\ASUS\Desktop\gsoc\holidays\__init__.py). Did you mean: 'holiday_base'?
_____________ ERROR collecting tests/countries/test_azerbaijan.py _____________
ImportError while importing test module 'C:\Users\ASUS\Desktop\gsoc\holidays\tests\countries\test_azerbaijan.py'.
Hint: make sure your test modules/packages have valid Python names.
Traceback:
venv\Lib\site-packages\_pytest\python.py:493: in importtestmodule
    mod = import_path(
venv\Lib\site-packages\_pytest\pathlib.py:587: in import_path
    importlib.import_module(module_name)
..\..\..\AppData\Local\Programs\Python\Python312\Lib\importlib\__init__.py:90: in import_module
    return _bootstrap._gcd_import(name[level:], package, level)
<frozen importlib._bootstrap>:1387: in _gcd_import
    ???
<frozen importlib._bootstrap>:1360: in _find_and_load
    ???
<frozen importlib._bootstrap>:1331: in _find_and_load_unlocked
    ???
<frozen importlib._bootstrap>:935: in _load_unlocked
    ???
venv\Lib\site-packages\_pytest\assertion\rewrite.py:185: in exec_module
    exec(co, module.__dict__)
tests\countries\test_azerbaijan.py:17: in <module>
    from tests.common import CommonCountryTests, WorkingDayTests
tests\common.py:21: in <module>
    from holidays import HolidayBase
E   ImportError: cannot import name 'HolidayBase' from 'holidays' (C:\Users\ASUS\Desktop\gsoc\holidays\__init__.py). Did you mean: 'holiday_base'?
______________ ERROR collecting tests/countries/test_bahamas.py _______________
ImportError while importing test module 'C:\Users\ASUS\Desktop\gsoc\holidays\tests\countries\test_bahamas.py'.
Hint: make sure your test modules/packages have valid Python names.
Traceback:
venv\Lib\site-packages\_pytest\python.py:493: in importtestmodule
    mod = import_path(
venv\Lib\site-packages\_pytest\pathlib.py:587: in import_path
    importlib.import_module(module_name)
..\..\..\AppData\Local\Programs\Python\Python312\Lib\importlib\__init__.py:90: in import_module
    return _bootstrap._gcd_import(name[level:], package, level)
<frozen importlib._bootstrap>:1387: in _gcd_import
    ???
<frozen importlib._bootstrap>:1360: in _find_and_load
    ???
<frozen importlib._bootstrap>:1331: in _find_and_load_unlocked
    ???
<frozen importlib._bootstrap>:935: in _load_unlocked
    ???
venv\Lib\site-packages\_pytest\assertion\rewrite.py:185: in exec_module
    exec(co, module.__dict__)
tests\countries\test_bahamas.py:16: in <module>
    from tests.common import CommonCountryTests
tests\common.py:21: in <module>
    from holidays import HolidayBase
E   ImportError: cannot import name 'HolidayBase' from 'holidays' (C:\Users\ASUS\Desktop\gsoc\holidays\__init__.py). Did you mean: 'holiday_base'?
______________ ERROR collecting tests/countries/test_bahrain.py _______________
ImportError while importing test module 'C:\Users\ASUS\Desktop\gsoc\holidays\tests\countries\test_bahrain.py'.
Hint: make sure your test modules/packages have valid Python names.
Traceback:
venv\Lib\site-packages\_pytest\python.py:493: in importtestmodule
    mod = import_path(
venv\Lib\site-packages\_pytest\pathlib.py:587: in import_path
    importlib.import_module(module_name)
..\..\..\AppData\Local\Programs\Python\Python312\Lib\importlib\__init__.py:90: in import_module
    return _bootstrap._gcd_import(name[level:], package, level)
<frozen importlib._bootstrap>:1387: in _gcd_import
    ???
<frozen importlib._bootstrap>:1360: in _find_and_load
    ???
<frozen importlib._bootstrap>:1331: in _find_and_load_unlocked
    ???
<frozen importlib._bootstrap>:935: in _load_unlocked
    ???
venv\Lib\site-packages\_pytest\assertion\rewrite.py:185: in exec_module
    exec(co, module.__dict__)
tests\countries\test_bahrain.py:16: in <module>
    from tests.common import CommonCountryTests
tests\common.py:21: in <module>
    from holidays import HolidayBase
E   ImportError: cannot import name 'HolidayBase' from 'holidays' (C:\Users\ASUS\Desktop\gsoc\holidays\__init__.py). Did you mean: 'holiday_base'?
_____________ ERROR collecting tests/countries/test_bangladesh.py _____________
ImportError while importing test module 'C:\Users\ASUS\Desktop\gsoc\holidays\tests\countries\test_bangladesh.py'.
Hint: make sure your test modules/packages have valid Python names.
Traceback:
venv\Lib\site-packages\_pytest\python.py:493: in importtestmodule
    mod = import_path(
venv\Lib\site-packages\_pytest\pathlib.py:587: in import_path
    importlib.import_module(module_name)
..\..\..\AppData\Local\Programs\Python\Python312\Lib\importlib\__init__.py:90: in import_module
    return _bootstrap._gcd_import(name[level:], package, level)
<frozen importlib._bootstrap>:1387: in _gcd_import
    ???
<frozen importlib._bootstrap>:1360: in _find_and_load
    ???
<frozen importlib._bootstrap>:1331: in _find_and_load_unlocked
    ???
<frozen importlib._bootstrap>:935: in _load_unlocked
    ???
venv\Lib\site-packages\_pytest\assertion\rewrite.py:185: in exec_module
    exec(co, module.__dict__)
tests\countries\test_bangladesh.py:16: in <module>
    from tests.common import CommonCountryTests
tests\common.py:21: in <module>
    from holidays import HolidayBase
E   ImportError: cannot import name 'HolidayBase' from 'holidays' (C:\Users\ASUS\Desktop\gsoc\holidays\__init__.py). Did you mean: 'holiday_base'?
______________ ERROR collecting tests/countries/test_barbados.py ______________
ImportError while importing test module 'C:\Users\ASUS\Desktop\gsoc\holidays\tests\countries\test_barbados.py'.
Hint: make sure your test modules/packages have valid Python names.
Traceback:
venv\Lib\site-packages\_pytest\python.py:493: in importtestmodule
    mod = import_path(
venv\Lib\site-packages\_pytest\pathlib.py:587: in import_path
    importlib.import_module(module_name)
..\..\..\AppData\Local\Programs\Python\Python312\Lib\importlib\__init__.py:90: in import_module
    return _bootstrap._gcd_import(name[level:], package, level)
<frozen importlib._bootstrap>:1387: in _gcd_import
    ???
<frozen importlib._bootstrap>:1360: in _find_and_load
    ???
<frozen importlib._bootstrap>:1331: in _find_and_load_unlocked
    ???
<frozen importlib._bootstrap>:935: in _load_unlocked
    ???
venv\Lib\site-packages\_pytest\assertion\rewrite.py:185: in exec_module
    exec(co, module.__dict__)
tests\countries\test_barbados.py:16: in <module>
    from tests.common import CommonCountryTests
tests\common.py:21: in <module>
    from holidays import HolidayBase
E   ImportError: cannot import name 'HolidayBase' from 'holidays' (C:\Users\ASUS\Desktop\gsoc\holidays\__init__.py). Did you mean: 'holiday_base'?
______________ ERROR collecting tests/countries/test_belarus.py _______________
ImportError while importing test module 'C:\Users\ASUS\Desktop\gsoc\holidays\tests\countries\test_belarus.py'.
Hint: make sure your test modules/packages have valid Python names.
Traceback:
venv\Lib\site-packages\_pytest\python.py:493: in importtestmodule
    mod = import_path(
venv\Lib\site-packages\_pytest\pathlib.py:587: in import_path
    importlib.import_module(module_name)
..\..\..\AppData\Local\Programs\Python\Python312\Lib\importlib\__init__.py:90: in import_module
    return _bootstrap._gcd_import(name[level:], package, level)
<frozen importlib._bootstrap>:1387: in _gcd_import
    ???
<frozen importlib._bootstrap>:1360: in _find_and_load
    ???
<frozen importlib._bootstrap>:1331: in _find_and_load_unlocked
    ???
<frozen importlib._bootstrap>:935: in _load_unlocked
    ???
venv\Lib\site-packages\_pytest\assertion\rewrite.py:185: in exec_module
    exec(co, module.__dict__)
tests\countries\test_belarus.py:17: in <module>
    from tests.common import CommonCountryTests, WorkingDayTests
tests\common.py:21: in <module>
    from holidays import HolidayBase
E   ImportError: cannot import name 'HolidayBase' from 'holidays' (C:\Users\ASUS\Desktop\gsoc\holidays\__init__.py). Did you mean: 'holiday_base'?
______________ ERROR collecting tests/countries/test_belgium.py _______________
ImportError while importing test module 'C:\Users\ASUS\Desktop\gsoc\holidays\tests\countries\test_belgium.py'.
Hint: make sure your test modules/packages have valid Python names.
Traceback:
venv\Lib\site-packages\_pytest\python.py:493: in importtestmodule
    mod = import_path(
venv\Lib\site-packages\_pytest\pathlib.py:587: in import_path
    importlib.import_module(module_name)
..\..\..\AppData\Local\Programs\Python\Python312\Lib\importlib\__init__.py:90: in import_module
    return _bootstrap._gcd_import(name[level:], package, level)
<frozen importlib._bootstrap>:1387: in _gcd_import
    ???
<frozen importlib._bootstrap>:1360: in _find_and_load
    ???
<frozen importlib._bootstrap>:1331: in _find_and_load_unlocked
    ???
<frozen importlib._bootstrap>:935: in _load_unlocked
    ???
venv\Lib\site-packages\_pytest\assertion\rewrite.py:185: in exec_module
    exec(co, module.__dict__)
tests\countries\test_belgium.py:17: in <module>
    from tests.common import CommonCountryTests
tests\common.py:21: in <module>
    from holidays import HolidayBase
E   ImportError: cannot import name 'HolidayBase' from 'holidays' (C:\Users\ASUS\Desktop\gsoc\holidays\__init__.py). Did you mean: 'holiday_base'?
_______________ ERROR collecting tests/countries/test_belize.py _______________
ImportError while importing test module 'C:\Users\ASUS\Desktop\gsoc\holidays\tests\countries\test_belize.py'.
Hint: make sure your test modules/packages have valid Python names.
Traceback:
venv\Lib\site-packages\_pytest\python.py:493: in importtestmodule
    mod = import_path(
venv\Lib\site-packages\_pytest\pathlib.py:587: in import_path
    importlib.import_module(module_name)
..\..\..\AppData\Local\Programs\Python\Python312\Lib\importlib\__init__.py:90: in import_module
    return _bootstrap._gcd_import(name[level:], package, level)
<frozen importlib._bootstrap>:1387: in _gcd_import
    ???
<frozen importlib._bootstrap>:1360: in _find_and_load
    ???
<frozen importlib._bootstrap>:1331: in _find_and_load_unlocked
    ???
<frozen importlib._bootstrap>:935: in _load_unlocked
    ???
venv\Lib\site-packages\_pytest\assertion\rewrite.py:185: in exec_module
    exec(co, module.__dict__)
tests\countries\test_belize.py:16: in <module>
    from tests.common import CommonCountryTests
tests\common.py:21: in <module>
    from holidays import HolidayBase
E   ImportError: cannot import name 'HolidayBase' from 'holidays' (C:\Users\ASUS\Desktop\gsoc\holidays\__init__.py). Did you mean: 'holiday_base'?
______________ ERROR collecting tests/countries/test_bolivia.py _______________
ImportError while importing test module 'C:\Users\ASUS\Desktop\gsoc\holidays\tests\countries\test_bolivia.py'.
Hint: make sure your test modules/packages have valid Python names.
Traceback:
venv\Lib\site-packages\_pytest\python.py:493: in importtestmodule
    mod = import_path(
venv\Lib\site-packages\_pytest\pathlib.py:587: in import_path
    importlib.import_module(module_name)
..\..\..\AppData\Local\Programs\Python\Python312\Lib\importlib\__init__.py:90: in import_module
    return _bootstrap._gcd_import(name[level:], package, level)
<frozen importlib._bootstrap>:1387: in _gcd_import
    ???
<frozen importlib._bootstrap>:1360: in _find_and_load
    ???
<frozen importlib._bootstrap>:1331: in _find_and_load_unlocked
    ???
<frozen importlib._bootstrap>:935: in _load_unlocked
    ???
venv\Lib\site-packages\_pytest\assertion\rewrite.py:185: in exec_module
    exec(co, module.__dict__)
tests\countries\test_bolivia.py:16: in <module>
    from tests.common import CommonCountryTests
tests\common.py:21: in <module>
    from holidays import HolidayBase
E   ImportError: cannot import name 'HolidayBase' from 'holidays' (C:\Users\ASUS\Desktop\gsoc\holidays\__init__.py). Did you mean: 'holiday_base'?
_______ ERROR collecting tests/countries/test_bosnia_and_herzegovina.py _______
ImportError while importing test module 'C:\Users\ASUS\Desktop\gsoc\holidays\tests\countries\test_bosnia_and_herzegovina.py'.
Hint: make sure your test modules/packages have valid Python names.
Traceback:
venv\Lib\site-packages\_pytest\python.py:493: in importtestmodule
    mod = import_path(
venv\Lib\site-packages\_pytest\pathlib.py:587: in import_path
    importlib.import_module(module_name)
..\..\..\AppData\Local\Programs\Python\Python312\Lib\importlib\__init__.py:90: in import_module
    return _bootstrap._gcd_import(name[level:], package, level)
<frozen importlib._bootstrap>:1387: in _gcd_import
    ???
<frozen importlib._bootstrap>:1360: in _find_and_load
    ???
<frozen importlib._bootstrap>:1331: in _find_and_load_unlocked
    ???
<frozen importlib._bootstrap>:935: in _load_unlocked
    ???
venv\Lib\site-packages\_pytest\assertion\rewrite.py:185: in exec_module
    exec(co, module.__dict__)
tests\countries\test_bosnia_and_herzegovina.py:16: in <module>
    from tests.common import CommonCountryTests
tests\common.py:21: in <module>
    from holidays import HolidayBase
E   ImportError: cannot import name 'HolidayBase' from 'holidays' (C:\Users\ASUS\Desktop\gsoc\holidays\__init__.py). Did you mean: 'holiday_base'?
______________ ERROR collecting tests/countries/test_botswana.py ______________
ImportError while importing test module 'C:\Users\ASUS\Desktop\gsoc\holidays\tests\countries\test_botswana.py'.
Hint: make sure your test modules/packages have valid Python names.
Traceback:
venv\Lib\site-packages\_pytest\python.py:493: in importtestmodule
    mod = import_path(
venv\Lib\site-packages\_pytest\pathlib.py:587: in import_path
    importlib.import_module(module_name)
..\..\..\AppData\Local\Programs\Python\Python312\Lib\importlib\__init__.py:90: in import_module
    return _bootstrap._gcd_import(name[level:], package, level)
<frozen importlib._bootstrap>:1387: in _gcd_import
    ???
<frozen importlib._bootstrap>:1360: in _find_and_load
    ???
<frozen importlib._bootstrap>:1331: in _find_and_load_unlocked
    ???
<frozen importlib._bootstrap>:935: in _load_unlocked
    ???
venv\Lib\site-packages\_pytest\assertion\rewrite.py:185: in exec_module
    exec(co, module.__dict__)
tests\countries\test_botswana.py:16: in <module>
    from tests.common import CommonCountryTests
tests\common.py:21: in <module>
    from holidays import HolidayBase
E   ImportError: cannot import name 'HolidayBase' from 'holidays' (C:\Users\ASUS\Desktop\gsoc\holidays\__init__.py). Did you mean: 'holiday_base'?
_______________ ERROR collecting tests/countries/test_brazil.py _______________
ImportError while importing test module 'C:\Users\ASUS\Desktop\gsoc\holidays\tests\countries\test_brazil.py'.
Hint: make sure your test modules/packages have valid Python names.
Traceback:
venv\Lib\site-packages\_pytest\python.py:493: in importtestmodule
    mod = import_path(
venv\Lib\site-packages\_pytest\pathlib.py:587: in import_path
    importlib.import_module(module_name)
..\..\..\AppData\Local\Programs\Python\Python312\Lib\importlib\__init__.py:90: in import_module
    return _bootstrap._gcd_import(name[level:], package, level)
<frozen importlib._bootstrap>:1387: in _gcd_import
    ???
<frozen importlib._bootstrap>:1360: in _find_and_load
    ???
<frozen importlib._bootstrap>:1331: in _find_and_load_unlocked
    ???
<frozen importlib._bootstrap>:935: in _load_unlocked
    ???
venv\Lib\site-packages\_pytest\assertion\rewrite.py:185: in exec_module
    exec(co, module.__dict__)
tests\countries\test_brazil.py:17: in <module>
    from tests.common import CommonCountryTests
tests\common.py:21: in <module>
    from holidays import HolidayBase
E   ImportError: cannot import name 'HolidayBase' from 'holidays' (C:\Users\ASUS\Desktop\gsoc\holidays\__init__.py). Did you mean: 'holiday_base'?
_______________ ERROR collecting tests/countries/test_brunei.py _______________
ImportError while importing test module 'C:\Users\ASUS\Desktop\gsoc\holidays\tests\countries\test_brunei.py'.
Hint: make sure your test modules/packages have valid Python names.
Traceback:
venv\Lib\site-packages\_pytest\python.py:493: in importtestmodule
    mod = import_path(
venv\Lib\site-packages\_pytest\pathlib.py:587: in import_path
    importlib.import_module(module_name)
..\..\..\AppData\Local\Programs\Python\Python312\Lib\importlib\__init__.py:90: in import_module
    return _bootstrap._gcd_import(name[level:], package, level)
<frozen importlib._bootstrap>:1387: in _gcd_import
    ???
<frozen importlib._bootstrap>:1360: in _find_and_load
    ???
<frozen importlib._bootstrap>:1331: in _find_and_load_unlocked
    ???
<frozen importlib._bootstrap>:935: in _load_unlocked
    ???
venv\Lib\site-packages\_pytest\assertion\rewrite.py:185: in exec_module
    exec(co, module.__dict__)
tests\countries\test_brunei.py:16: in <module>
    from tests.common import CommonCountryTests
tests\common.py:21: in <module>
    from holidays import HolidayBase
E   ImportError: cannot import name 'HolidayBase' from 'holidays' (C:\Users\ASUS\Desktop\gsoc\holidays\__init__.py). Did you mean: 'holiday_base'?
______________ ERROR collecting tests/countries/test_bulgaria.py ______________
ImportError while importing test module 'C:\Users\ASUS\Desktop\gsoc\holidays\tests\countries\test_bulgaria.py'.
Hint: make sure your test modules/packages have valid Python names.
Traceback:
venv\Lib\site-packages\_pytest\python.py:493: in importtestmodule
    mod = import_path(
venv\Lib\site-packages\_pytest\pathlib.py:587: in import_path
    importlib.import_module(module_name)
..\..\..\AppData\Local\Programs\Python\Python312\Lib\importlib\__init__.py:90: in import_module
    return _bootstrap._gcd_import(name[level:], package, level)
<frozen importlib._bootstrap>:1387: in _gcd_import
    ???
<frozen importlib._bootstrap>:1360: in _find_and_load
    ???
<frozen importlib._bootstrap>:1331: in _find_and_load_unlocked
    ???
<frozen importlib._bootstrap>:935: in _load_unlocked
    ???
venv\Lib\site-packages\_pytest\assertion\rewrite.py:185: in exec_module
    exec(co, module.__dict__)
tests\countries\test_bulgaria.py:17: in <module>
    from tests.common import CommonCountryTests
tests\common.py:21: in <module>
    from holidays import HolidayBase
E   ImportError: cannot import name 'HolidayBase' from 'holidays' (C:\Users\ASUS\Desktop\gsoc\holidays\__init__.py). Did you mean: 'holiday_base'?
____________ ERROR collecting tests/countries/test_burkina_faso.py ____________
ImportError while importing test module 'C:\Users\ASUS\Desktop\gsoc\holidays\tests\countries\test_burkina_faso.py'.
Hint: make sure your test modules/packages have valid Python names.
Traceback:
venv\Lib\site-packages\_pytest\python.py:493: in importtestmodule
    mod = import_path(
venv\Lib\site-packages\_pytest\pathlib.py:587: in import_path
    importlib.import_module(module_name)
..\..\..\AppData\Local\Programs\Python\Python312\Lib\importlib\__init__.py:90: in import_module
    return _bootstrap._gcd_import(name[level:], package, level)
<frozen importlib._bootstrap>:1387: in _gcd_import
    ???
<frozen importlib._bootstrap>:1360: in _find_and_load
    ???
<frozen importlib._bootstrap>:1331: in _find_and_load_unlocked
    ???
<frozen importlib._bootstrap>:935: in _load_unlocked
    ???
venv\Lib\site-packages\_pytest\assertion\rewrite.py:185: in exec_module
    exec(co, module.__dict__)
tests\countries\test_burkina_faso.py:16: in <module>
    from tests.common import CommonCountryTests
tests\common.py:21: in <module>
    from holidays import HolidayBase
E   ImportError: cannot import name 'HolidayBase' from 'holidays' (C:\Users\ASUS\Desktop\gsoc\holidays\__init__.py). Did you mean: 'holiday_base'?
______________ ERROR collecting tests/countries/test_burundi.py _______________
ImportError while importing test module 'C:\Users\ASUS\Desktop\gsoc\holidays\tests\countries\test_burundi.py'.
Hint: make sure your test modules/packages have valid Python names.
Traceback:
venv\Lib\site-packages\_pytest\python.py:493: in importtestmodule
    mod = import_path(
venv\Lib\site-packages\_pytest\pathlib.py:587: in import_path
    importlib.import_module(module_name)
..\..\..\AppData\Local\Programs\Python\Python312\Lib\importlib\__init__.py:90: in import_module
    return _bootstrap._gcd_import(name[level:], package, level)
<frozen importlib._bootstrap>:1387: in _gcd_import
    ???
<frozen importlib._bootstrap>:1360: in _find_and_load
    ???
<frozen importlib._bootstrap>:1331: in _find_and_load_unlocked
    ???
<frozen importlib._bootstrap>:935: in _load_unlocked
    ???
venv\Lib\site-packages\_pytest\assertion\rewrite.py:185: in exec_module
    exec(co, module.__dict__)
tests\countries\test_burundi.py:16: in <module>
    from tests.common import CommonCountryTests
tests\common.py:21: in <module>
    from holidays import HolidayBase
E   ImportError: cannot import name 'HolidayBase' from 'holidays' (C:\Users\ASUS\Desktop\gsoc\holidays\__init__.py). Did you mean: 'holiday_base'?
______________ ERROR collecting tests/countries/test_cambodia.py ______________
ImportError while importing test module 'C:\Users\ASUS\Desktop\gsoc\holidays\tests\countries\test_cambodia.py'.
Hint: make sure your test modules/packages have valid Python names.
Traceback:
venv\Lib\site-packages\_pytest\python.py:493: in importtestmodule
    mod = import_path(
venv\Lib\site-packages\_pytest\pathlib.py:587: in import_path
    importlib.import_module(module_name)
..\..\..\AppData\Local\Programs\Python\Python312\Lib\importlib\__init__.py:90: in import_module
    return _bootstrap._gcd_import(name[level:], package, level)
<frozen importlib._bootstrap>:1387: in _gcd_import
    ???
<frozen importlib._bootstrap>:1360: in _find_and_load
    ???
<frozen importlib._bootstrap>:1331: in _find_and_load_unlocked
    ???
<frozen importlib._bootstrap>:935: in _load_unlocked
    ???
venv\Lib\site-packages\_pytest\assertion\rewrite.py:185: in exec_module
    exec(co, module.__dict__)
tests\countries\test_cambodia.py:16: in <module>
    from tests.common import CommonCountryTests
tests\common.py:21: in <module>
    from holidays import HolidayBase
E   ImportError: cannot import name 'HolidayBase' from 'holidays' (C:\Users\ASUS\Desktop\gsoc\holidays\__init__.py). Did you mean: 'holiday_base'?
______________ ERROR collecting tests/countries/test_cameroon.py ______________
ImportError while importing test module 'C:\Users\ASUS\Desktop\gsoc\holidays\tests\countries\test_cameroon.py'.
Hint: make sure your test modules/packages have valid Python names.
Traceback:
venv\Lib\site-packages\_pytest\python.py:493: in importtestmodule
    mod = import_path(
venv\Lib\site-packages\_pytest\pathlib.py:587: in import_path
    importlib.import_module(module_name)
..\..\..\AppData\Local\Programs\Python\Python312\Lib\importlib\__init__.py:90: in import_module
    return _bootstrap._gcd_import(name[level:], package, level)
<frozen importlib._bootstrap>:1387: in _gcd_import
    ???
<frozen importlib._bootstrap>:1360: in _find_and_load
    ???
<frozen importlib._bootstrap>:1331: in _find_and_load_unlocked
    ???
<frozen importlib._bootstrap>:935: in _load_unlocked
    ???
venv\Lib\site-packages\_pytest\assertion\rewrite.py:185: in exec_module
    exec(co, module.__dict__)
tests\countries\test_cameroon.py:16: in <module>
    from tests.common import CommonCountryTests
tests\common.py:21: in <module>
    from holidays import HolidayBase
E   ImportError: cannot import name 'HolidayBase' from 'holidays' (C:\Users\ASUS\Desktop\gsoc\holidays\__init__.py). Did you mean: 'holiday_base'?
_______________ ERROR collecting tests/countries/test_canada.py _______________
ImportError while importing test module 'C:\Users\ASUS\Desktop\gsoc\holidays\tests\countries\test_canada.py'.
Hint: make sure your test modules/packages have valid Python names.
Traceback:
venv\Lib\site-packages\_pytest\python.py:493: in importtestmodule
    mod = import_path(
venv\Lib\site-packages\_pytest\pathlib.py:587: in import_path
    importlib.import_module(module_name)
..\..\..\AppData\Local\Programs\Python\Python312\Lib\importlib\__init__.py:90: in import_module
    return _bootstrap._gcd_import(name[level:], package, level)
<frozen importlib._bootstrap>:1387: in _gcd_import
    ???
<frozen importlib._bootstrap>:1360: in _find_and_load
    ???
<frozen importlib._bootstrap>:1331: in _find_and_load_unlocked
    ???
<frozen importlib._bootstrap>:935: in _load_unlocked
    ???
venv\Lib\site-packages\_pytest\assertion\rewrite.py:185: in exec_module
    exec(co, module.__dict__)
tests\countries\test_canada.py:17: in <module>
    from tests.common import CommonCountryTests
tests\common.py:21: in <module>
    from holidays import HolidayBase
E   ImportError: cannot import name 'HolidayBase' from 'holidays' (C:\Users\ASUS\Desktop\gsoc\holidays\__init__.py). Did you mean: 'holiday_base'?
________________ ERROR collecting tests/countries/test_chad.py ________________
ImportError while importing test module 'C:\Users\ASUS\Desktop\gsoc\holidays\tests\countries\test_chad.py'.
Hint: make sure your test modules/packages have valid Python names.
Traceback:
venv\Lib\site-packages\_pytest\python.py:493: in importtestmodule
    mod = import_path(
venv\Lib\site-packages\_pytest\pathlib.py:587: in import_path
    importlib.import_module(module_name)
..\..\..\AppData\Local\Programs\Python\Python312\Lib\importlib\__init__.py:90: in import_module
    return _bootstrap._gcd_import(name[level:], package, level)
<frozen importlib._bootstrap>:1387: in _gcd_import
    ???
<frozen importlib._bootstrap>:1360: in _find_and_load
    ???
<frozen importlib._bootstrap>:1331: in _find_and_load_unlocked
    ???
<frozen importlib._bootstrap>:935: in _load_unlocked
    ???
venv\Lib\site-packages\_pytest\assertion\rewrite.py:185: in exec_module
    exec(co, module.__dict__)
tests\countries\test_chad.py:16: in <module>
    from tests.common import CommonCountryTests
tests\common.py:21: in <module>
    from holidays import HolidayBase
E   ImportError: cannot import name 'HolidayBase' from 'holidays' (C:\Users\ASUS\Desktop\gsoc\holidays\__init__.py). Did you mean: 'holiday_base'?
_______________ ERROR collecting tests/countries/test_chile.py ________________
ImportError while importing test module 'C:\Users\ASUS\Desktop\gsoc\holidays\tests\countries\test_chile.py'.
Hint: make sure your test modules/packages have valid Python names.
Traceback:
venv\Lib\site-packages\_pytest\python.py:493: in importtestmodule
    mod = import_path(
venv\Lib\site-packages\_pytest\pathlib.py:587: in import_path
    importlib.import_module(module_name)
..\..\..\AppData\Local\Programs\Python\Python312\Lib\importlib\__init__.py:90: in import_module
    return _bootstrap._gcd_import(name[level:], package, level)
<frozen importlib._bootstrap>:1387: in _gcd_import
    ???
<frozen importlib._bootstrap>:1360: in _find_and_load
    ???
<frozen importlib._bootstrap>:1331: in _find_and_load_unlocked
    ???
<frozen importlib._bootstrap>:935: in _load_unlocked
    ???
venv\Lib\site-packages\_pytest\assertion\rewrite.py:185: in exec_module
    exec(co, module.__dict__)
tests\countries\test_chile.py:17: in <module>
    from tests.common import CommonCountryTests
tests\common.py:21: in <module>
    from holidays import HolidayBase
E   ImportError: cannot import name 'HolidayBase' from 'holidays' (C:\Users\ASUS\Desktop\gsoc\holidays\__init__.py). Did you mean: 'holiday_base'?
_______________ ERROR collecting tests/countries/test_china.py ________________
ImportError while importing test module 'C:\Users\ASUS\Desktop\gsoc\holidays\tests\countries\test_china.py'.
Hint: make sure your test modules/packages have valid Python names.
Traceback:
venv\Lib\site-packages\_pytest\python.py:493: in importtestmodule
    mod = import_path(
venv\Lib\site-packages\_pytest\pathlib.py:587: in import_path
    importlib.import_module(module_name)
..\..\..\AppData\Local\Programs\Python\Python312\Lib\importlib\__init__.py:90: in import_module
    return _bootstrap._gcd_import(name[level:], package, level)
<frozen importlib._bootstrap>:1387: in _gcd_import
    ???
<frozen importlib._bootstrap>:1360: in _find_and_load
    ???
<frozen importlib._bootstrap>:1331: in _find_and_load_unlocked
    ???
<frozen importlib._bootstrap>:935: in _load_unlocked
    ???
venv\Lib\site-packages\_pytest\assertion\rewrite.py:185: in exec_module
    exec(co, module.__dict__)
tests\countries\test_china.py:17: in <module>
    from tests.common import CommonCountryTests, WorkingDayTests
tests\common.py:21: in <module>
    from holidays import HolidayBase
E   ImportError: cannot import name 'HolidayBase' from 'holidays' (C:\Users\ASUS\Desktop\gsoc\holidays\__init__.py). Did you mean: 'holiday_base'?
______________ ERROR collecting tests/countries/test_colombia.py ______________
ImportError while importing test module 'C:\Users\ASUS\Desktop\gsoc\holidays\tests\countries\test_colombia.py'.
Hint: make sure your test modules/packages have valid Python names.
Traceback:
venv\Lib\site-packages\_pytest\python.py:493: in importtestmodule
    mod = import_path(
venv\Lib\site-packages\_pytest\pathlib.py:587: in import_path
    importlib.import_module(module_name)
..\..\..\AppData\Local\Programs\Python\Python312\Lib\importlib\__init__.py:90: in import_module
    return _bootstrap._gcd_import(name[level:], package, level)
<frozen importlib._bootstrap>:1387: in _gcd_import
    ???
<frozen importlib._bootstrap>:1360: in _find_and_load
    ???
<frozen importlib._bootstrap>:1331: in _find_and_load_unlocked
    ???
<frozen importlib._bootstrap>:935: in _load_unlocked
    ???
venv\Lib\site-packages\_pytest\assertion\rewrite.py:185: in exec_module
    exec(co, module.__dict__)
tests\countries\test_colombia.py:16: in <module>
    from tests.common import CommonCountryTests
tests\common.py:21: in <module>
    from holidays import HolidayBase
E   ImportError: cannot import name 'HolidayBase' from 'holidays' (C:\Users\ASUS\Desktop\gsoc\holidays\__init__.py). Did you mean: 'holiday_base'?
_______________ ERROR collecting tests/countries/test_congo.py ________________
ImportError while importing test module 'C:\Users\ASUS\Desktop\gsoc\holidays\tests\countries\test_congo.py'.
Hint: make sure your test modules/packages have valid Python names.
Traceback:
venv\Lib\site-packages\_pytest\python.py:493: in importtestmodule
    mod = import_path(
venv\Lib\site-packages\_pytest\pathlib.py:587: in import_path
    importlib.import_module(module_name)
..\..\..\AppData\Local\Programs\Python\Python312\Lib\importlib\__init__.py:90: in import_module
    return _bootstrap._gcd_import(name[level:], package, level)
<frozen importlib._bootstrap>:1387: in _gcd_import
    ???
<frozen importlib._bootstrap>:1360: in _find_and_load
    ???
<frozen importlib._bootstrap>:1331: in _find_and_load_unlocked
    ???
<frozen importlib._bootstrap>:935: in _load_unlocked
    ???
venv\Lib\site-packages\_pytest\assertion\rewrite.py:185: in exec_module
    exec(co, module.__dict__)
tests\countries\test_congo.py:16: in <module>
    from tests.common import CommonCountryTests
tests\common.py:21: in <module>
    from holidays import HolidayBase
E   ImportError: cannot import name 'HolidayBase' from 'holidays' (C:\Users\ASUS\Desktop\gsoc\holidays\__init__.py). Did you mean: 'holiday_base'?
_____________ ERROR collecting tests/countries/test_costa_rica.py _____________
ImportError while importing test module 'C:\Users\ASUS\Desktop\gsoc\holidays\tests\countries\test_costa_rica.py'.
Hint: make sure your test modules/packages have valid Python names.
Traceback:
venv\Lib\site-packages\_pytest\python.py:493: in importtestmodule
    mod = import_path(
venv\Lib\site-packages\_pytest\pathlib.py:587: in import_path
    importlib.import_module(module_name)
..\..\..\AppData\Local\Programs\Python\Python312\Lib\importlib\__init__.py:90: in import_module
    return _bootstrap._gcd_import(name[level:], package, level)
<frozen importlib._bootstrap>:1387: in _gcd_import
    ???
<frozen importlib._bootstrap>:1360: in _find_and_load
    ???
<frozen importlib._bootstrap>:1331: in _find_and_load_unlocked
    ???
<frozen importlib._bootstrap>:935: in _load_unlocked
    ???
venv\Lib\site-packages\_pytest\assertion\rewrite.py:185: in exec_module
    exec(co, module.__dict__)
tests\countries\test_costa_rica.py:17: in <module>
    from tests.common import CommonCountryTests
tests\common.py:21: in <module>
    from holidays import HolidayBase
E   ImportError: cannot import name 'HolidayBase' from 'holidays' (C:\Users\ASUS\Desktop\gsoc\holidays\__init__.py). Did you mean: 'holiday_base'?
______________ ERROR collecting tests/countries/test_croatia.py _______________
ImportError while importing test module 'C:\Users\ASUS\Desktop\gsoc\holidays\tests\countries\test_croatia.py'.
Hint: make sure your test modules/packages have valid Python names.
Traceback:
venv\Lib\site-packages\_pytest\python.py:493: in importtestmodule
    mod = import_path(
venv\Lib\site-packages\_pytest\pathlib.py:587: in import_path
    importlib.import_module(module_name)
..\..\..\AppData\Local\Programs\Python\Python312\Lib\importlib\__init__.py:90: in import_module
    return _bootstrap._gcd_import(name[level:], package, level)
<frozen importlib._bootstrap>:1387: in _gcd_import
    ???
<frozen importlib._bootstrap>:1360: in _find_and_load
    ???
<frozen importlib._bootstrap>:1331: in _find_and_load_unlocked
    ???
<frozen importlib._bootstrap>:935: in _load_unlocked
    ???
venv\Lib\site-packages\_pytest\assertion\rewrite.py:185: in exec_module
    exec(co, module.__dict__)
tests\countries\test_croatia.py:16: in <module>
    from tests.common import CommonCountryTests
tests\common.py:21: in <module>
    from holidays import HolidayBase
E   ImportError: cannot import name 'HolidayBase' from 'holidays' (C:\Users\ASUS\Desktop\gsoc\holidays\__init__.py). Did you mean: 'holiday_base'?
________________ ERROR collecting tests/countries/test_cuba.py ________________
ImportError while importing test module 'C:\Users\ASUS\Desktop\gsoc\holidays\tests\countries\test_cuba.py'.
Hint: make sure your test modules/packages have valid Python names.
Traceback:
venv\Lib\site-packages\_pytest\python.py:493: in importtestmodule
    mod = import_path(
venv\Lib\site-packages\_pytest\pathlib.py:587: in import_path
    importlib.import_module(module_name)
..\..\..\AppData\Local\Programs\Python\Python312\Lib\importlib\__init__.py:90: in import_module
    return _bootstrap._gcd_import(name[level:], package, level)
<frozen importlib._bootstrap>:1387: in _gcd_import
    ???
<frozen importlib._bootstrap>:1360: in _find_and_load
    ???
<frozen importlib._bootstrap>:1331: in _find_and_load_unlocked
    ???
<frozen importlib._bootstrap>:935: in _load_unlocked
    ???
venv\Lib\site-packages\_pytest\assertion\rewrite.py:185: in exec_module
    exec(co, module.__dict__)
tests\countries\test_cuba.py:16: in <module>
    from tests.common import CommonCountryTests
tests\common.py:21: in <module>
    from holidays import HolidayBase
E   ImportError: cannot import name 'HolidayBase' from 'holidays' (C:\Users\ASUS\Desktop\gsoc\holidays\__init__.py). Did you mean: 'holiday_base'?
______________ ERROR collecting tests/countries/test_curacao.py _______________
ImportError while importing test module 'C:\Users\ASUS\Desktop\gsoc\holidays\tests\countries\test_curacao.py'.
Hint: make sure your test modules/packages have valid Python names.
Traceback:
venv\Lib\site-packages\_pytest\python.py:493: in importtestmodule
    mod = import_path(
venv\Lib\site-packages\_pytest\pathlib.py:587: in import_path
    importlib.import_module(module_name)
..\..\..\AppData\Local\Programs\Python\Python312\Lib\importlib\__init__.py:90: in import_module
    return _bootstrap._gcd_import(name[level:], package, level)
<frozen importlib._bootstrap>:1387: in _gcd_import
    ???
<frozen importlib._bootstrap>:1360: in _find_and_load
    ???
<frozen importlib._bootstrap>:1331: in _find_and_load_unlocked
    ???
<frozen importlib._bootstrap>:935: in _load_unlocked
    ???
venv\Lib\site-packages\_pytest\assertion\rewrite.py:185: in exec_module
    exec(co, module.__dict__)
tests\countries\test_curacao.py:17: in <module>
    from tests.common import CommonCountryTests
tests\common.py:21: in <module>
    from holidays import HolidayBase
E   ImportError: cannot import name 'HolidayBase' from 'holidays' (C:\Users\ASUS\Desktop\gsoc\holidays\__init__.py). Did you mean: 'holiday_base'?
_______________ ERROR collecting tests/countries/test_cyprus.py _______________
ImportError while importing test module 'C:\Users\ASUS\Desktop\gsoc\holidays\tests\countries\test_cyprus.py'.
Hint: make sure your test modules/packages have valid Python names.
Traceback:
venv\Lib\site-packages\_pytest\python.py:493: in importtestmodule
    mod = import_path(
venv\Lib\site-packages\_pytest\pathlib.py:587: in import_path
    importlib.import_module(module_name)
..\..\..\AppData\Local\Programs\Python\Python312\Lib\importlib\__init__.py:90: in import_module
    return _bootstrap._gcd_import(name[level:], package, level)
<frozen importlib._bootstrap>:1387: in _gcd_import
    ???
<frozen importlib._bootstrap>:1360: in _find_and_load
    ???
<frozen importlib._bootstrap>:1331: in _find_and_load_unlocked
    ???
<frozen importlib._bootstrap>:935: in _load_unlocked
    ???
venv\Lib\site-packages\_pytest\assertion\rewrite.py:185: in exec_module
    exec(co, module.__dict__)
tests\countries\test_cyprus.py:17: in <module>
    from tests.common import CommonCountryTests
tests\common.py:21: in <module>
    from holidays import HolidayBase
E   ImportError: cannot import name 'HolidayBase' from 'holidays' (C:\Users\ASUS\Desktop\gsoc\holidays\__init__.py). Did you mean: 'holiday_base'?
______________ ERROR collecting tests/countries/test_czechia.py _______________
ImportError while importing test module 'C:\Users\ASUS\Desktop\gsoc\holidays\tests\countries\test_czechia.py'.
Hint: make sure your test modules/packages have valid Python names.
Traceback:
venv\Lib\site-packages\_pytest\python.py:493: in importtestmodule
    mod = import_path(
venv\Lib\site-packages\_pytest\pathlib.py:587: in import_path
    importlib.import_module(module_name)
..\..\..\AppData\Local\Programs\Python\Python312\Lib\importlib\__init__.py:90: in import_module
    return _bootstrap._gcd_import(name[level:], package, level)
<frozen importlib._bootstrap>:1387: in _gcd_import
    ???
<frozen importlib._bootstrap>:1360: in _find_and_load
    ???
<frozen importlib._bootstrap>:1331: in _find_and_load_unlocked
    ???
<frozen importlib._bootstrap>:935: in _load_unlocked
    ???
venv\Lib\site-packages\_pytest\assertion\rewrite.py:185: in exec_module
    exec(co, module.__dict__)
tests\countries\test_czechia.py:16: in <module>
    from tests.common import CommonCountryTests
tests\common.py:21: in <module>
    from holidays import HolidayBase
E   ImportError: cannot import name 'HolidayBase' from 'holidays' (C:\Users\ASUS\Desktop\gsoc\holidays\__init__.py). Did you mean: 'holiday_base'?
______________ ERROR collecting tests/countries/test_denmark.py _______________
ImportError while importing test module 'C:\Users\ASUS\Desktop\gsoc\holidays\tests\countries\test_denmark.py'.
Hint: make sure your test modules/packages have valid Python names.
Traceback:
venv\Lib\site-packages\_pytest\python.py:493: in importtestmodule
    mod = import_path(
venv\Lib\site-packages\_pytest\pathlib.py:587: in import_path
    importlib.import_module(module_name)
..\..\..\AppData\Local\Programs\Python\Python312\Lib\importlib\__init__.py:90: in import_module
    return _bootstrap._gcd_import(name[level:], package, level)
<frozen importlib._bootstrap>:1387: in _gcd_import
    ???
<frozen importlib._bootstrap>:1360: in _find_and_load
    ???
<frozen importlib._bootstrap>:1331: in _find_and_load_unlocked
    ???
<frozen importlib._bootstrap>:935: in _load_unlocked
    ???
venv\Lib\site-packages\_pytest\assertion\rewrite.py:185: in exec_module
    exec(co, module.__dict__)
tests\countries\test_denmark.py:17: in <module>
    from tests.common import CommonCountryTests
tests\common.py:21: in <module>
    from holidays import HolidayBase
E   ImportError: cannot import name 'HolidayBase' from 'holidays' (C:\Users\ASUS\Desktop\gsoc\holidays\__init__.py). Did you mean: 'holiday_base'?
______________ ERROR collecting tests/countries/test_djibouti.py ______________
ImportError while importing test module 'C:\Users\ASUS\Desktop\gsoc\holidays\tests\countries\test_djibouti.py'.
Hint: make sure your test modules/packages have valid Python names.
Traceback:
venv\Lib\site-packages\_pytest\python.py:493: in importtestmodule
    mod = import_path(
venv\Lib\site-packages\_pytest\pathlib.py:587: in import_path
    importlib.import_module(module_name)
..\..\..\AppData\Local\Programs\Python\Python312\Lib\importlib\__init__.py:90: in import_module
    return _bootstrap._gcd_import(name[level:], package, level)
<frozen importlib._bootstrap>:1387: in _gcd_import
    ???
<frozen importlib._bootstrap>:1360: in _find_and_load
    ???
<frozen importlib._bootstrap>:1331: in _find_and_load_unlocked
    ???
<frozen importlib._bootstrap>:935: in _load_unlocked
    ???
venv\Lib\site-packages\_pytest\assertion\rewrite.py:185: in exec_module
    exec(co, module.__dict__)
tests\countries\test_djibouti.py:16: in <module>
    from tests.common import CommonCountryTests
tests\common.py:21: in <module>
    from holidays import HolidayBase
E   ImportError: cannot import name 'HolidayBase' from 'holidays' (C:\Users\ASUS\Desktop\gsoc\holidays\__init__.py). Did you mean: 'holiday_base'?
______________ ERROR collecting tests/countries/test_dominica.py ______________
ImportError while importing test module 'C:\Users\ASUS\Desktop\gsoc\holidays\tests\countries\test_dominica.py'.
Hint: make sure your test modules/packages have valid Python names.
Traceback:
venv\Lib\site-packages\_pytest\python.py:493: in importtestmodule
    mod = import_path(
venv\Lib\site-packages\_pytest\pathlib.py:587: in import_path
    importlib.import_module(module_name)
..\..\..\AppData\Local\Programs\Python\Python312\Lib\importlib\__init__.py:90: in import_module
    return _bootstrap._gcd_import(name[level:], package, level)
<frozen importlib._bootstrap>:1387: in _gcd_import
    ???
<frozen importlib._bootstrap>:1360: in _find_and_load
    ???
<frozen importlib._bootstrap>:1331: in _find_and_load_unlocked
    ???
<frozen importlib._bootstrap>:935: in _load_unlocked
    ???
venv\Lib\site-packages\_pytest\assertion\rewrite.py:185: in exec_module
    exec(co, module.__dict__)
tests\countries\test_dominica.py:16: in <module>
    from tests.common import CommonCountryTests
tests\common.py:21: in <module>
    from holidays import HolidayBase
E   ImportError: cannot import name 'HolidayBase' from 'holidays' (C:\Users\ASUS\Desktop\gsoc\holidays\__init__.py). Did you mean: 'holiday_base'?
_________ ERROR collecting tests/countries/test_dominican_republic.py _________
ImportError while importing test module 'C:\Users\ASUS\Desktop\gsoc\holidays\tests\countries\test_dominican_republic.py'.
Hint: make sure your test modules/packages have valid Python names.
Traceback:
venv\Lib\site-packages\_pytest\python.py:493: in importtestmodule
    mod = import_path(
venv\Lib\site-packages\_pytest\pathlib.py:587: in import_path
    importlib.import_module(module_name)
..\..\..\AppData\Local\Programs\Python\Python312\Lib\importlib\__init__.py:90: in import_module
    return _bootstrap._gcd_import(name[level:], package, level)
<frozen importlib._bootstrap>:1387: in _gcd_import
    ???
<frozen importlib._bootstrap>:1360: in _find_and_load
    ???
<frozen importlib._bootstrap>:1331: in _find_and_load_unlocked
    ???
<frozen importlib._bootstrap>:935: in _load_unlocked
    ???
venv\Lib\site-packages\_pytest\assertion\rewrite.py:185: in exec_module
    exec(co, module.__dict__)
tests\countries\test_dominican_republic.py:16: in <module>
    from tests.common import CommonCountryTests
tests\common.py:21: in <module>
    from holidays import HolidayBase
E   ImportError: cannot import name 'HolidayBase' from 'holidays' (C:\Users\ASUS\Desktop\gsoc\holidays\__init__.py). Did you mean: 'holiday_base'?
______________ ERROR collecting tests/countries/test_ecuador.py _______________
ImportError while importing test module 'C:\Users\ASUS\Desktop\gsoc\holidays\tests\countries\test_ecuador.py'.
Hint: make sure your test modules/packages have valid Python names.
Traceback:
venv\Lib\site-packages\_pytest\python.py:493: in importtestmodule
    mod = import_path(
venv\Lib\site-packages\_pytest\pathlib.py:587: in import_path
    importlib.import_module(module_name)
..\..\..\AppData\Local\Programs\Python\Python312\Lib\importlib\__init__.py:90: in import_module
    return _bootstrap._gcd_import(name[level:], package, level)
<frozen importlib._bootstrap>:1387: in _gcd_import
    ???
<frozen importlib._bootstrap>:1360: in _find_and_load
    ???
<frozen importlib._bootstrap>:1331: in _find_and_load_unlocked
    ???
<frozen importlib._bootstrap>:935: in _load_unlocked
    ???
venv\Lib\site-packages\_pytest\assertion\rewrite.py:185: in exec_module
    exec(co, module.__dict__)
tests\countries\test_ecuador.py:16: in <module>
    from tests.common import CommonCountryTests
tests\common.py:21: in <module>
    from holidays import HolidayBase
E   ImportError: cannot import name 'HolidayBase' from 'holidays' (C:\Users\ASUS\Desktop\gsoc\holidays\__init__.py). Did you mean: 'holiday_base'?
_______________ ERROR collecting tests/countries/test_egypt.py ________________
ImportError while importing test module 'C:\Users\ASUS\Desktop\gsoc\holidays\tests\countries\test_egypt.py'.
Hint: make sure your test modules/packages have valid Python names.
Traceback:
venv\Lib\site-packages\_pytest\python.py:493: in importtestmodule
    mod = import_path(
venv\Lib\site-packages\_pytest\pathlib.py:587: in import_path
    importlib.import_module(module_name)
..\..\..\AppData\Local\Programs\Python\Python312\Lib\importlib\__init__.py:90: in import_module
    return _bootstrap._gcd_import(name[level:], package, level)
<frozen importlib._bootstrap>:1387: in _gcd_import
    ???
<frozen importlib._bootstrap>:1360: in _find_and_load
    ???
<frozen importlib._bootstrap>:1331: in _find_and_load_unlocked
    ???
<frozen importlib._bootstrap>:935: in _load_unlocked
    ???
venv\Lib\site-packages\_pytest\assertion\rewrite.py:185: in exec_module
    exec(co, module.__dict__)
tests\countries\test_egypt.py:16: in <module>
    from tests.common import CommonCountryTests
tests\common.py:21: in <module>
    from holidays import HolidayBase
E   ImportError: cannot import name 'HolidayBase' from 'holidays' (C:\Users\ASUS\Desktop\gsoc\holidays\__init__.py). Did you mean: 'holiday_base'?
____________ ERROR collecting tests/countries/test_el_salvador.py _____________
ImportError while importing test module 'C:\Users\ASUS\Desktop\gsoc\holidays\tests\countries\test_el_salvador.py'.
Hint: make sure your test modules/packages have valid Python names.
Traceback:
venv\Lib\site-packages\_pytest\python.py:493: in importtestmodule
    mod = import_path(
venv\Lib\site-packages\_pytest\pathlib.py:587: in import_path
    importlib.import_module(module_name)
..\..\..\AppData\Local\Programs\Python\Python312\Lib\importlib\__init__.py:90: in import_module
    return _bootstrap._gcd_import(name[level:], package, level)
<frozen importlib._bootstrap>:1387: in _gcd_import
    ???
<frozen importlib._bootstrap>:1360: in _find_and_load
    ???
<frozen importlib._bootstrap>:1331: in _find_and_load_unlocked
    ???
<frozen importlib._bootstrap>:935: in _load_unlocked
    ???
venv\Lib\site-packages\_pytest\assertion\rewrite.py:185: in exec_module
    exec(co, module.__dict__)
tests\countries\test_el_salvador.py:16: in <module>
    from tests.common import CommonCountryTests
tests\common.py:21: in <module>
    from holidays import HolidayBase
E   ImportError: cannot import name 'HolidayBase' from 'holidays' (C:\Users\ASUS\Desktop\gsoc\holidays\__init__.py). Did you mean: 'holiday_base'?
______________ ERROR collecting tests/countries/test_estonia.py _______________
ImportError while importing test module 'C:\Users\ASUS\Desktop\gsoc\holidays\tests\countries\test_estonia.py'.
Hint: make sure your test modules/packages have valid Python names.
Traceback:
venv\Lib\site-packages\_pytest\python.py:493: in importtestmodule
    mod = import_path(
venv\Lib\site-packages\_pytest\pathlib.py:587: in import_path
    importlib.import_module(module_name)
..\..\..\AppData\Local\Programs\Python\Python312\Lib\importlib\__init__.py:90: in import_module
    return _bootstrap._gcd_import(name[level:], package, level)
<frozen importlib._bootstrap>:1387: in _gcd_import
    ???
<frozen importlib._bootstrap>:1360: in _find_and_load
    ???
<frozen importlib._bootstrap>:1331: in _find_and_load_unlocked
    ???
<frozen importlib._bootstrap>:935: in _load_unlocked
    ???
venv\Lib\site-packages\_pytest\assertion\rewrite.py:185: in exec_module
    exec(co, module.__dict__)
tests\countries\test_estonia.py:16: in <module>
    from tests.common import CommonCountryTests
tests\common.py:21: in <module>
    from holidays import HolidayBase
E   ImportError: cannot import name 'HolidayBase' from 'holidays' (C:\Users\ASUS\Desktop\gsoc\holidays\__init__.py). Did you mean: 'holiday_base'?
______________ ERROR collecting tests/countries/test_eswatini.py ______________
ImportError while importing test module 'C:\Users\ASUS\Desktop\gsoc\holidays\tests\countries\test_eswatini.py'.
Hint: make sure your test modules/packages have valid Python names.
Traceback:
venv\Lib\site-packages\_pytest\python.py:493: in importtestmodule
    mod = import_path(
venv\Lib\site-packages\_pytest\pathlib.py:587: in import_path
    importlib.import_module(module_name)
..\..\..\AppData\Local\Programs\Python\Python312\Lib\importlib\__init__.py:90: in import_module
    return _bootstrap._gcd_import(name[level:], package, level)
<frozen importlib._bootstrap>:1387: in _gcd_import
    ???
<frozen importlib._bootstrap>:1360: in _find_and_load
    ???
<frozen importlib._bootstrap>:1331: in _find_and_load_unlocked
    ???
<frozen importlib._bootstrap>:935: in _load_unlocked
    ???
venv\Lib\site-packages\_pytest\assertion\rewrite.py:185: in exec_module
    exec(co, module.__dict__)
tests\countries\test_eswatini.py:18: in <module>
    from tests.common import CommonCountryTests
tests\common.py:21: in <module>
    from holidays import HolidayBase
E   ImportError: cannot import name 'HolidayBase' from 'holidays' (C:\Users\ASUS\Desktop\gsoc\holidays\__init__.py). Did you mean: 'holiday_base'?
______________ ERROR collecting tests/countries/test_ethiopia.py ______________
ImportError while importing test module 'C:\Users\ASUS\Desktop\gsoc\holidays\tests\countries\test_ethiopia.py'.
Hint: make sure your test modules/packages have valid Python names.
Traceback:
venv\Lib\site-packages\_pytest\python.py:493: in importtestmodule
    mod = import_path(
venv\Lib\site-packages\_pytest\pathlib.py:587: in import_path
    importlib.import_module(module_name)
..\..\..\AppData\Local\Programs\Python\Python312\Lib\importlib\__init__.py:90: in import_module
    return _bootstrap._gcd_import(name[level:], package, level)
<frozen importlib._bootstrap>:1387: in _gcd_import
    ???
<frozen importlib._bootstrap>:1360: in _find_and_load
    ???
<frozen importlib._bootstrap>:1331: in _find_and_load_unlocked
    ???
<frozen importlib._bootstrap>:935: in _load_unlocked
    ???
venv\Lib\site-packages\_pytest\assertion\rewrite.py:185: in exec_module
    exec(co, module.__dict__)
tests\countries\test_ethiopia.py:16: in <module>
    from tests.common import CommonCountryTests
tests\common.py:21: in <module>
    from holidays import HolidayBase
E   ImportError: cannot import name 'HolidayBase' from 'holidays' (C:\Users\ASUS\Desktop\gsoc\holidays\__init__.py). Did you mean: 'holiday_base'?
________________ ERROR collecting tests/countries/test_fiji.py ________________
ImportError while importing test module 'C:\Users\ASUS\Desktop\gsoc\holidays\tests\countries\test_fiji.py'.
Hint: make sure your test modules/packages have valid Python names.
Traceback:
venv\Lib\site-packages\_pytest\python.py:493: in importtestmodule
    mod = import_path(
venv\Lib\site-packages\_pytest\pathlib.py:587: in import_path
    importlib.import_module(module_name)
..\..\..\AppData\Local\Programs\Python\Python312\Lib\importlib\__init__.py:90: in import_module
    return _bootstrap._gcd_import(name[level:], package, level)
<frozen importlib._bootstrap>:1387: in _gcd_import
    ???
<frozen importlib._bootstrap>:1360: in _find_and_load
    ???
<frozen importlib._bootstrap>:1331: in _find_and_load_unlocked
    ???
<frozen importlib._bootstrap>:935: in _load_unlocked
    ???
venv\Lib\site-packages\_pytest\assertion\rewrite.py:185: in exec_module
    exec(co, module.__dict__)
tests\countries\test_fiji.py:17: in <module>
    from tests.common import CommonCountryTests
tests\common.py:21: in <module>
    from holidays import HolidayBase
E   ImportError: cannot import name 'HolidayBase' from 'holidays' (C:\Users\ASUS\Desktop\gsoc\holidays\__init__.py). Did you mean: 'holiday_base'?
______________ ERROR collecting tests/countries/test_finland.py _______________
ImportError while importing test module 'C:\Users\ASUS\Desktop\gsoc\holidays\tests\countries\test_finland.py'.
Hint: make sure your test modules/packages have valid Python names.
Traceback:
venv\Lib\site-packages\_pytest\python.py:493: in importtestmodule
    mod = import_path(
venv\Lib\site-packages\_pytest\pathlib.py:587: in import_path
    importlib.import_module(module_name)
..\..\..\AppData\Local\Programs\Python\Python312\Lib\importlib\__init__.py:90: in import_module
    return _bootstrap._gcd_import(name[level:], package, level)
<frozen importlib._bootstrap>:1387: in _gcd_import
    ???
<frozen importlib._bootstrap>:1360: in _find_and_load
    ???
<frozen importlib._bootstrap>:1331: in _find_and_load_unlocked
    ???
<frozen importlib._bootstrap>:935: in _load_unlocked
    ???
venv\Lib\site-packages\_pytest\assertion\rewrite.py:185: in exec_module
    exec(co, module.__dict__)
tests\countries\test_finland.py:17: in <module>
    from tests.common import CommonCountryTests
tests\common.py:21: in <module>
    from holidays import HolidayBase
E   ImportError: cannot import name 'HolidayBase' from 'holidays' (C:\Users\ASUS\Desktop\gsoc\holidays\__init__.py). Did you mean: 'holiday_base'?
_______________ ERROR collecting tests/countries/test_france.py _______________
ImportError while importing test module 'C:\Users\ASUS\Desktop\gsoc\holidays\tests\countries\test_france.py'.
Hint: make sure your test modules/packages have valid Python names.
Traceback:
venv\Lib\site-packages\_pytest\python.py:493: in importtestmodule
    mod = import_path(
venv\Lib\site-packages\_pytest\pathlib.py:587: in import_path
    importlib.import_module(module_name)
..\..\..\AppData\Local\Programs\Python\Python312\Lib\importlib\__init__.py:90: in import_module
    return _bootstrap._gcd_import(name[level:], package, level)
<frozen importlib._bootstrap>:1387: in _gcd_import
    ???
<frozen importlib._bootstrap>:1360: in _find_and_load
    ???
<frozen importlib._bootstrap>:1331: in _find_and_load_unlocked
    ???
<frozen importlib._bootstrap>:935: in _load_unlocked
    ???
venv\Lib\site-packages\_pytest\assertion\rewrite.py:185: in exec_module
    exec(co, module.__dict__)
tests\countries\test_france.py:17: in <module>
    from tests.common import CommonCountryTests
tests\common.py:21: in <module>
    from holidays import HolidayBase
E   ImportError: cannot import name 'HolidayBase' from 'holidays' (C:\Users\ASUS\Desktop\gsoc\holidays\__init__.py). Did you mean: 'holiday_base'?
_______________ ERROR collecting tests/countries/test_gabon.py ________________
ImportError while importing test module 'C:\Users\ASUS\Desktop\gsoc\holidays\tests\countries\test_gabon.py'.
Hint: make sure your test modules/packages have valid Python names.
Traceback:
venv\Lib\site-packages\_pytest\python.py:493: in importtestmodule
    mod = import_path(
venv\Lib\site-packages\_pytest\pathlib.py:587: in import_path
    importlib.import_module(module_name)
..\..\..\AppData\Local\Programs\Python\Python312\Lib\importlib\__init__.py:90: in import_module
    return _bootstrap._gcd_import(name[level:], package, level)
<frozen importlib._bootstrap>:1387: in _gcd_import
    ???
<frozen importlib._bootstrap>:1360: in _find_and_load
    ???
<frozen importlib._bootstrap>:1331: in _find_and_load_unlocked
    ???
<frozen importlib._bootstrap>:935: in _load_unlocked
    ???
venv\Lib\site-packages\_pytest\assertion\rewrite.py:185: in exec_module
    exec(co, module.__dict__)
tests\countries\test_gabon.py:16: in <module>
    from tests.common import CommonCountryTests
tests\common.py:21: in <module>
    from holidays import HolidayBase
E   ImportError: cannot import name 'HolidayBase' from 'holidays' (C:\Users\ASUS\Desktop\gsoc\holidays\__init__.py). Did you mean: 'holiday_base'?
______________ ERROR collecting tests/countries/test_georgia.py _______________
ImportError while importing test module 'C:\Users\ASUS\Desktop\gsoc\holidays\tests\countries\test_georgia.py'.
Hint: make sure your test modules/packages have valid Python names.
Traceback:
venv\Lib\site-packages\_pytest\python.py:493: in importtestmodule
    mod = import_path(
venv\Lib\site-packages\_pytest\pathlib.py:587: in import_path
    importlib.import_module(module_name)
..\..\..\AppData\Local\Programs\Python\Python312\Lib\importlib\__init__.py:90: in import_module
    return _bootstrap._gcd_import(name[level:], package, level)
<frozen importlib._bootstrap>:1387: in _gcd_import
    ???
<frozen importlib._bootstrap>:1360: in _find_and_load
    ???
<frozen importlib._bootstrap>:1331: in _find_and_load_unlocked
    ???
<frozen importlib._bootstrap>:935: in _load_unlocked
    ???
venv\Lib\site-packages\_pytest\assertion\rewrite.py:185: in exec_module
    exec(co, module.__dict__)
tests\countries\test_georgia.py:17: in <module>
    from tests.common import CommonCountryTests
tests\common.py:21: in <module>
    from holidays import HolidayBase
E   ImportError: cannot import name 'HolidayBase' from 'holidays' (C:\Users\ASUS\Desktop\gsoc\holidays\__init__.py). Did you mean: 'holiday_base'?
______________ ERROR collecting tests/countries/test_germany.py _______________
ImportError while importing test module 'C:\Users\ASUS\Desktop\gsoc\holidays\tests\countries\test_germany.py'.
Hint: make sure your test modules/packages have valid Python names.
Traceback:
venv\Lib\site-packages\_pytest\python.py:493: in importtestmodule
    mod = import_path(
venv\Lib\site-packages\_pytest\pathlib.py:587: in import_path
    importlib.import_module(module_name)
..\..\..\AppData\Local\Programs\Python\Python312\Lib\importlib\__init__.py:90: in import_module
    return _bootstrap._gcd_import(name[level:], package, level)
<frozen importlib._bootstrap>:1387: in _gcd_import
    ???
<frozen importlib._bootstrap>:1360: in _find_and_load
    ???
<frozen importlib._bootstrap>:1331: in _find_and_load_unlocked
    ???
<frozen importlib._bootstrap>:935: in _load_unlocked
    ???
venv\Lib\site-packages\_pytest\assertion\rewrite.py:185: in exec_module
    exec(co, module.__dict__)
tests\countries\test_germany.py:18: in <module>
    from tests.common import CommonCountryTests
tests\common.py:21: in <module>
    from holidays import HolidayBase
E   ImportError: cannot import name 'HolidayBase' from 'holidays' (C:\Users\ASUS\Desktop\gsoc\holidays\__init__.py). Did you mean: 'holiday_base'?
_______________ ERROR collecting tests/countries/test_ghana.py ________________
ImportError while importing test module 'C:\Users\ASUS\Desktop\gsoc\holidays\tests\countries\test_ghana.py'.
Hint: make sure your test modules/packages have valid Python names.
Traceback:
venv\Lib\site-packages\_pytest\python.py:493: in importtestmodule
    mod = import_path(
venv\Lib\site-packages\_pytest\pathlib.py:587: in import_path
    importlib.import_module(module_name)
..\..\..\AppData\Local\Programs\Python\Python312\Lib\importlib\__init__.py:90: in import_module
    return _bootstrap._gcd_import(name[level:], package, level)
<frozen importlib._bootstrap>:1387: in _gcd_import
    ???
<frozen importlib._bootstrap>:1360: in _find_and_load
    ???
<frozen importlib._bootstrap>:1331: in _find_and_load_unlocked
    ???
<frozen importlib._bootstrap>:935: in _load_unlocked
    ???
venv\Lib\site-packages\_pytest\assertion\rewrite.py:185: in exec_module
    exec(co, module.__dict__)
tests\countries\test_ghana.py:16: in <module>
    from tests.common import CommonCountryTests
tests\common.py:21: in <module>
    from holidays import HolidayBase
E   ImportError: cannot import name 'HolidayBase' from 'holidays' (C:\Users\ASUS\Desktop\gsoc\holidays\__init__.py). Did you mean: 'holiday_base'?
_______________ ERROR collecting tests/countries/test_greece.py _______________
ImportError while importing test module 'C:\Users\ASUS\Desktop\gsoc\holidays\tests\countries\test_greece.py'.
Hint: make sure your test modules/packages have valid Python names.
Traceback:
venv\Lib\site-packages\_pytest\python.py:493: in importtestmodule
    mod = import_path(
venv\Lib\site-packages\_pytest\pathlib.py:587: in import_path
    importlib.import_module(module_name)
..\..\..\AppData\Local\Programs\Python\Python312\Lib\importlib\__init__.py:90: in import_module
    return _bootstrap._gcd_import(name[level:], package, level)
<frozen importlib._bootstrap>:1387: in _gcd_import
    ???
<frozen importlib._bootstrap>:1360: in _find_and_load
    ???
<frozen importlib._bootstrap>:1331: in _find_and_load_unlocked
    ???
<frozen importlib._bootstrap>:935: in _load_unlocked
    ???
venv\Lib\site-packages\_pytest\assertion\rewrite.py:185: in exec_module
    exec(co, module.__dict__)
tests\countries\test_greece.py:17: in <module>
    from tests.common import CommonCountryTests
tests\common.py:21: in <module>
    from holidays import HolidayBase
E   ImportError: cannot import name 'HolidayBase' from 'holidays' (C:\Users\ASUS\Desktop\gsoc\holidays\__init__.py). Did you mean: 'holiday_base'?
_____________ ERROR collecting tests/countries/test_greenland.py ______________
ImportError while importing test module 'C:\Users\ASUS\Desktop\gsoc\holidays\tests\countries\test_greenland.py'.
Hint: make sure your test modules/packages have valid Python names.
Traceback:
venv\Lib\site-packages\_pytest\python.py:493: in importtestmodule
    mod = import_path(
venv\Lib\site-packages\_pytest\pathlib.py:587: in import_path
    importlib.import_module(module_name)
..\..\..\AppData\Local\Programs\Python\Python312\Lib\importlib\__init__.py:90: in import_module
    return _bootstrap._gcd_import(name[level:], package, level)
<frozen importlib._bootstrap>:1387: in _gcd_import
    ???
<frozen importlib._bootstrap>:1360: in _find_and_load
    ???
<frozen importlib._bootstrap>:1331: in _find_and_load_unlocked
    ???
<frozen importlib._bootstrap>:935: in _load_unlocked
    ???
venv\Lib\site-packages\_pytest\assertion\rewrite.py:185: in exec_module
    exec(co, module.__dict__)
tests\countries\test_greenland.py:17: in <module>
    from tests.common import CommonCountryTests
tests\common.py:21: in <module>
    from holidays import HolidayBase
E   ImportError: cannot import name 'HolidayBase' from 'holidays' (C:\Users\ASUS\Desktop\gsoc\holidays\__init__.py). Did you mean: 'holiday_base'?
________________ ERROR collecting tests/countries/test_guam.py ________________
ImportError while importing test module 'C:\Users\ASUS\Desktop\gsoc\holidays\tests\countries\test_guam.py'.
Hint: make sure your test modules/packages have valid Python names.
Traceback:
venv\Lib\site-packages\_pytest\python.py:493: in importtestmodule
    mod = import_path(
venv\Lib\site-packages\_pytest\pathlib.py:587: in import_path
    importlib.import_module(module_name)
..\..\..\AppData\Local\Programs\Python\Python312\Lib\importlib\__init__.py:90: in import_module
    return _bootstrap._gcd_import(name[level:], package, level)
<frozen importlib._bootstrap>:1387: in _gcd_import
    ???
<frozen importlib._bootstrap>:1360: in _find_and_load
    ???
[...]
tests\countries\test_vietnam.py:18: in <module>
    from tests.common import CommonCountryTests, WorkingDayTests
tests\common.py:21: in <module>
    from holidays import HolidayBase
E   ImportError: cannot import name 'HolidayBase' from 'holidays' (C:\Users\ASUS\Desktop\gsoc\holidays\__init__.py). Did you mean: 'holiday_base'?
_______________ ERROR collecting tests/countries/test_zambia.py _______________
ImportError while importing test module 'C:\Users\ASUS\Desktop\gsoc\holidays\tests\countries\test_zambia.py'.
Hint: make sure your test modules/packages have valid Python names.
Traceback:
venv\Lib\site-packages\_pytest\python.py:493: in importtestmodule
    mod = import_path(
venv\Lib\site-packages\_pytest\pathlib.py:587: in import_path
    importlib.import_module(module_name)
..\..\..\AppData\Local\Programs\Python\Python312\Lib\importlib\__init__.py:90: in import_module
    return _bootstrap._gcd_import(name[level:], package, level)
<frozen importlib._bootstrap>:1387: in _gcd_import
    ???
<frozen importlib._bootstrap>:1360: in _find_and_load
    ???
<frozen importlib._bootstrap>:1331: in _find_and_load_unlocked
    ???
<frozen importlib._bootstrap>:935: in _load_unlocked
    ???
venv\Lib\site-packages\_pytest\assertion\rewrite.py:185: in exec_module
    exec(co, module.__dict__)
tests\countries\test_zambia.py:16: in <module>
    from tests.common import CommonCountryTests
tests\common.py:21: in <module>
    from holidays import HolidayBase
E   ImportError: cannot import name 'HolidayBase' from 'holidays' (C:\Users\ASUS\Desktop\gsoc\holidays\__init__.py). Did you mean: 'holiday_base'?
______________ ERROR collecting tests/countries/test_zimbabwe.py ______________
ImportError while importing test module 'C:\Users\ASUS\Desktop\gsoc\holidays\tests\countries\test_zimbabwe.py'.
Hint: make sure your test modules/packages have valid Python names.
Traceback:
venv\Lib\site-packages\_pytest\python.py:493: in importtestmodule
    mod = import_path(
venv\Lib\site-packages\_pytest\pathlib.py:587: in import_path
    importlib.import_module(module_name)
..\..\..\AppData\Local\Programs\Python\Python312\Lib\importlib\__init__.py:90: in import_module
    return _bootstrap._gcd_import(name[level:], package, level)
<frozen importlib._bootstrap>:1387: in _gcd_import
    ???
<frozen importlib._bootstrap>:1360: in _find_and_load
    ???
<frozen importlib._bootstrap>:1331: in _find_and_load_unlocked
    ???
<frozen importlib._bootstrap>:935: in _load_unlocked
    ???
venv\Lib\site-packages\_pytest\assertion\rewrite.py:185: in exec_module
    exec(co, module.__dict__)
tests\countries\test_zimbabwe.py:16: in <module>
    from tests.common import CommonCountryTests
tests\common.py:21: in <module>
    from holidays import HolidayBase
E   ImportError: cannot import name 'HolidayBase' from 'holidays' (C:\Users\ASUS\Desktop\gsoc\holidays\__init__.py). Did you mean: 'holiday_base'?
________ ERROR collecting tests/financial/test_brasil_bolsa_balcao.py _________
ImportError while importing test module 'C:\Users\ASUS\Desktop\gsoc\holidays\tests\financial\test_brasil_bolsa_balcao.py'.
Hint: make sure your test modules/packages have valid Python names.
Traceback:
venv\Lib\site-packages\_pytest\python.py:493: in importtestmodule
    mod = import_path(
venv\Lib\site-packages\_pytest\pathlib.py:587: in import_path
    importlib.import_module(module_name)
..\..\..\AppData\Local\Programs\Python\Python312\Lib\importlib\__init__.py:90: in import_module
    return _bootstrap._gcd_import(name[level:], package, level)
<frozen importlib._bootstrap>:1387: in _gcd_import
    ???
<frozen importlib._bootstrap>:1360: in _find_and_load
    ???
<frozen importlib._bootstrap>:1331: in _find_and_load_unlocked
    ???
<frozen importlib._bootstrap>:935: in _load_unlocked
    ???
venv\Lib\site-packages\_pytest\assertion\rewrite.py:185: in exec_module
    exec(co, module.__dict__)
tests\financial\test_brasil_bolsa_balcao.py:16: in <module>
    from tests.common import CommonFinancialTests
tests\common.py:21: in <module>
    from holidays import HolidayBase
E   ImportError: cannot import name 'HolidayBase' from 'holidays' (C:\Users\ASUS\Desktop\gsoc\holidays\__init__.py). Did you mean: 'holiday_base'?
_______ ERROR collecting tests/financial/test_european_central_bank.py ________
ImportError while importing test module 'C:\Users\ASUS\Desktop\gsoc\holidays\tests\financial\test_european_central_bank.py'.
Hint: make sure your test modules/packages have valid Python names.
Traceback:
venv\Lib\site-packages\_pytest\python.py:493: in importtestmodule
    mod = import_path(
venv\Lib\site-packages\_pytest\pathlib.py:587: in import_path
    importlib.import_module(module_name)
..\..\..\AppData\Local\Programs\Python\Python312\Lib\importlib\__init__.py:90: in import_module
    return _bootstrap._gcd_import(name[level:], package, level)
<frozen importlib._bootstrap>:1387: in _gcd_import
    ???
<frozen importlib._bootstrap>:1360: in _find_and_load
    ???
<frozen importlib._bootstrap>:1331: in _find_and_load_unlocked
    ???
<frozen importlib._bootstrap>:935: in _load_unlocked
    ???
venv\Lib\site-packages\_pytest\assertion\rewrite.py:185: in exec_module
    exec(co, module.__dict__)
tests\financial\test_european_central_bank.py:16: in <module>
    from tests.common import CommonFinancialTests
tests\common.py:21: in <module>
    from holidays import HolidayBase
E   ImportError: cannot import name 'HolidayBase' from 'holidays' (C:\Users\ASUS\Desktop\gsoc\holidays\__init__.py). Did you mean: 'holiday_base'?
_________ ERROR collecting tests/financial/test_ice_futures_europe.py _________
ImportError while importing test module 'C:\Users\ASUS\Desktop\gsoc\holidays\tests\financial\test_ice_futures_europe.py'.
Hint: make sure your test modules/packages have valid Python names.
Traceback:
venv\Lib\site-packages\_pytest\python.py:493: in importtestmodule
    mod = import_path(
venv\Lib\site-packages\_pytest\pathlib.py:587: in import_path
    importlib.import_module(module_name)
..\..\..\AppData\Local\Programs\Python\Python312\Lib\importlib\__init__.py:90: in import_module
    return _bootstrap._gcd_import(name[level:], package, level)
<frozen importlib._bootstrap>:1387: in _gcd_import
    ???
<frozen importlib._bootstrap>:1360: in _find_and_load
    ???
<frozen importlib._bootstrap>:1331: in _find_and_load_unlocked
    ???
<frozen importlib._bootstrap>:935: in _load_unlocked
    ???
venv\Lib\site-packages\_pytest\assertion\rewrite.py:185: in exec_module
    exec(co, module.__dict__)
tests\financial\test_ice_futures_europe.py:16: in <module>
    from tests.common import CommonFinancialTests
tests\common.py:21: in <module>
    from holidays import HolidayBase
E   ImportError: cannot import name 'HolidayBase' from 'holidays' (C:\Users\ASUS\Desktop\gsoc\holidays\__init__.py). Did you mean: 'holiday_base'?
_________ ERROR collecting tests/financial/test_ny_stock_exchange.py __________
ImportError while importing test module 'C:\Users\ASUS\Desktop\gsoc\holidays\tests\financial\test_ny_stock_exchange.py'.
Hint: make sure your test modules/packages have valid Python names.
Traceback:
venv\Lib\site-packages\_pytest\python.py:493: in importtestmodule
    mod = import_path(
venv\Lib\site-packages\_pytest\pathlib.py:587: in import_path
    importlib.import_module(module_name)
..\..\..\AppData\Local\Programs\Python\Python312\Lib\importlib\__init__.py:90: in import_module
    return _bootstrap._gcd_import(name[level:], package, level)
<frozen importlib._bootstrap>:1387: in _gcd_import
    ???
<frozen importlib._bootstrap>:1360: in _find_and_load
    ???
<frozen importlib._bootstrap>:1331: in _find_and_load_unlocked
    ???
<frozen importlib._bootstrap>:935: in _load_unlocked
    ???
venv\Lib\site-packages\_pytest\assertion\rewrite.py:185: in exec_module
    exec(co, module.__dict__)
tests\financial\test_ny_stock_exchange.py:34: in <module>
    from tests.common import CommonFinancialTests
tests\common.py:21: in <module>
    from holidays import HolidayBase
E   ImportError: cannot import name 'HolidayBase' from 'holidays' (C:\Users\ASUS\Desktop\gsoc\holidays\__init__.py). Did you mean: 'holiday_base'?
_____________________ ERROR collecting tests/test_docs.py _____________________
ImportError while importing test module 'C:\Users\ASUS\Desktop\gsoc\holidays\tests\test_docs.py'.
Hint: make sure your test modules/packages have valid Python names.
Traceback:
venv\Lib\site-packages\_pytest\python.py:493: in importtestmodule
    mod = import_path(
venv\Lib\site-packages\_pytest\pathlib.py:587: in import_path
    importlib.import_module(module_name)
..\..\..\AppData\Local\Programs\Python\Python312\Lib\importlib\__init__.py:90: in import_module
    return _bootstrap._gcd_import(name[level:], package, level)
<frozen importlib._bootstrap>:1387: in _gcd_import
    ???
<frozen importlib._bootstrap>:1360: in _find_and_load
    ???
<frozen importlib._bootstrap>:1331: in _find_and_load_unlocked
    ???
<frozen importlib._bootstrap>:935: in _load_unlocked
    ???
venv\Lib\site-packages\_pytest\assertion\rewrite.py:185: in exec_module
    exec(co, module.__dict__)
tests\test_docs.py:17: in <module>
    from holidays import (
E   ImportError: cannot import name 'country_holidays' from 'holidays' (C:\Users\ASUS\Desktop\gsoc\holidays\__init__.py)
_____________________ ERROR collecting tests/test_ical.py _____________________
ImportError while importing test module 'C:\Users\ASUS\Desktop\gsoc\holidays\tests\test_ical.py'.
Hint: make sure your test modules/packages have valid Python names.
Traceback:
venv\Lib\site-packages\_pytest\python.py:493: in importtestmodule
    mod = import_path(
venv\Lib\site-packages\_pytest\pathlib.py:587: in import_path
    importlib.import_module(module_name)
..\..\..\AppData\Local\Programs\Python\Python312\Lib\importlib\__init__.py:90: in import_module
    return _bootstrap._gcd_import(name[level:], package, level)
<frozen importlib._bootstrap>:1387: in _gcd_import
    ???
<frozen importlib._bootstrap>:1360: in _find_and_load
    ???
<frozen importlib._bootstrap>:1331: in _find_and_load_unlocked
    ???
<frozen importlib._bootstrap>:935: in _load_unlocked
    ???
venv\Lib\site-packages\_pytest\assertion\rewrite.py:185: in exec_module
    exec(co, module.__dict__)
tests\test_ical.py:19: in <module>
    from holidays import country_holidays, financial_holidays
E   ImportError: cannot import name 'country_holidays' from 'holidays' (C:\Users\ASUS\Desktop\gsoc\holidays\__init__.py)
___________________ ERROR collecting tests/test_registry.py ___________________
ImportError while importing test module 'C:\Users\ASUS\Desktop\gsoc\holidays\tests\test_registry.py'.
Hint: make sure your test modules/packages have valid Python names.
Traceback:
venv\Lib\site-packages\_pytest\python.py:493: in importtestmodule
    mod = import_path(
venv\Lib\site-packages\_pytest\pathlib.py:587: in import_path
    importlib.import_module(module_name)
..\..\..\AppData\Local\Programs\Python\Python312\Lib\importlib\__init__.py:90: in import_module
    return _bootstrap._gcd_import(name[level:], package, level)
<frozen importlib._bootstrap>:1387: in _gcd_import
    ???
<frozen importlib._bootstrap>:1360: in _find_and_load
    ???
<frozen importlib._bootstrap>:1331: in _find_and_load_unlocked
    ???
<frozen importlib._bootstrap>:935: in _load_unlocked
    ???
venv\Lib\site-packages\_pytest\assertion\rewrite.py:185: in exec_module
    exec(co, module.__dict__)
tests\test_registry.py:22: in <module>
    from tests.common import PYTHON_LATEST_SUPPORTED_VERSION, PYTHON_VERSION
tests\common.py:21: in <module>
    from holidays import HolidayBase
E   ImportError: cannot import name 'HolidayBase' from 'holidays' (C:\Users\ASUS\Desktop\gsoc\holidays\__init__.py). Did you mean: 'holiday_base'?
____________________ ERROR collecting tests/test_utils.py _____________________
ImportError while importing test module 'C:\Users\ASUS\Desktop\gsoc\holidays\tests\test_utils.py'.
Hint: make sure your test modules/packages have valid Python names.
Traceback:
venv\Lib\site-packages\_pytest\python.py:493: in importtestmodule
    mod = import_path(
venv\Lib\site-packages\_pytest\pathlib.py:587: in import_path
    importlib.import_module(module_name)
..\..\..\AppData\Local\Programs\Python\Python312\Lib\importlib\__init__.py:90: in import_module
    return _bootstrap._gcd_import(name[level:], package, level)
<frozen importlib._bootstrap>:1387: in _gcd_import
    ???
<frozen importlib._bootstrap>:1360: in _find_and_load
    ???
<frozen importlib._bootstrap>:1331: in _find_and_load_unlocked
    ???
<frozen importlib._bootstrap>:935: in _load_unlocked
    ???
venv\Lib\site-packages\_pytest\assertion\rewrite.py:185: in exec_module
    exec(co, module.__dict__)
tests\test_utils.py:22: in <module>
    from holidays.utils import (
E   ImportError: cannot import name 'CountryHoliday' from 'holidays.utils' (C:\Users\ASUS\Desktop\gsoc\holidays\utils\__init__.py)
=========================== short test summary info ===========================
ERROR tests/countries/test_afghanistan.py
ERROR tests/countries/test_albania.py
ERROR tests/countries/test_algeria.py
ERROR tests/countries/test_american_samoa.py
ERROR tests/countries/test_andorra.py
ERROR tests/countries/test_angola.py
ERROR tests/countries/test_antigua_and_barbuda.py
ERROR tests/countries/test_argentina.py
ERROR tests/countries/test_armenia.py
ERROR tests/countries/test_aruba.py
ERROR tests/countries/test_australia.py
ERROR tests/countries/test_austria.py
ERROR tests/countries/test_azerbaijan.py
ERROR tests/countries/test_bahamas.py
ERROR tests/countries/test_bahrain.py
ERROR tests/countries/test_bangladesh.py
ERROR tests/countries/test_barbados.py
ERROR tests/countries/test_belarus.py
ERROR tests/countries/test_belgium.py
ERROR tests/countries/test_belize.py
ERROR tests/countries/test_bolivia.py
ERROR tests/countries/test_bosnia_and_herzegovina.py
ERROR tests/countries/test_botswana.py
ERROR tests/countries/test_brazil.py
ERROR tests/countries/test_brunei.py
ERROR tests/countries/test_bulgaria.py
ERROR tests/countries/test_burkina_faso.py
ERROR tests/countries/test_burundi.py
ERROR tests/countries/test_cambodia.py
ERROR tests/countries/test_cameroon.py
ERROR tests/countries/test_canada.py
ERROR tests/countries/test_chad.py
ERROR tests/countries/test_chile.py
ERROR tests/countries/test_china.py
ERROR tests/countries/test_colombia.py
ERROR tests/countries/test_congo.py
ERROR tests/countries/test_costa_rica.py
ERROR tests/countries/test_croatia.py
ERROR tests/countries/test_cuba.py
ERROR tests/countries/test_curacao.py
ERROR tests/countries/test_cyprus.py
ERROR tests/countries/test_czechia.py
ERROR tests/countries/test_denmark.py
ERROR tests/countries/test_djibouti.py
ERROR tests/countries/test_dominica.py
ERROR tests/countries/test_dominican_republic.py
ERROR tests/countries/test_ecuador.py
ERROR tests/countries/test_egypt.py
ERROR tests/countries/test_el_salvador.py
ERROR tests/countries/test_estonia.py
ERROR tests/countries/test_eswatini.py
ERROR tests/countries/test_ethiopia.py
ERROR tests/countries/test_fiji.py
ERROR tests/countries/test_finland.py
ERROR tests/countries/test_france.py
ERROR tests/countries/test_gabon.py
ERROR tests/countries/test_georgia.py
ERROR tests/countries/test_germany.py
ERROR tests/countries/test_ghana.py
ERROR tests/countries/test_greece.py
ERROR tests/countries/test_greenland.py
ERROR tests/countries/test_guam.py
ERROR tests/countries/test_guatemala.py
ERROR tests/countries/test_guernsey.py
ERROR tests/countries/test_guinea.py
ERROR tests/countries/test_haiti.py
ERROR tests/countries/test_honduras.py
ERROR tests/countries/test_hongkong.py
ERROR tests/countries/test_hungary.py
ERROR tests/countries/test_iceland.py
ERROR tests/countries/test_india.py
ERROR tests/countries/test_indonesia.py
ERROR tests/countries/test_iran.py
ERROR tests/countries/test_ireland.py
ERROR tests/countries/test_isle_of_man.py
ERROR tests/countries/test_israel.py
ERROR tests/countries/test_italy.py
ERROR tests/countries/test_ivory_coast.py
ERROR tests/countries/test_jamaica.py
ERROR tests/countries/test_japan.py
ERROR tests/countries/test_jersey.py
ERROR tests/countries/test_jordan.py
ERROR tests/countries/test_kazakhstan.py
ERROR tests/countries/test_kenya.py
ERROR tests/countries/test_kuwait.py
ERROR tests/countries/test_kyrgyzstan.py
ERROR tests/countries/test_laos.py
ERROR tests/countries/test_latvia.py
ERROR tests/countries/test_lesotho.py
ERROR tests/countries/test_liechtenstein.py
ERROR tests/countries/test_lithuania.py
ERROR tests/countries/test_luxembourg.py
ERROR tests/countries/test_macau.py
ERROR tests/countries/test_madagascar.py
ERROR tests/countries/test_malawi.py
ERROR tests/countries/test_malaysia.py
ERROR tests/countries/test_maldives.py
ERROR tests/countries/test_malta.py
ERROR tests/countries/test_marshall_islands.py
ERROR tests/countries/test_mauritania.py
ERROR tests/countries/test_mexico.py
ERROR tests/countries/test_moldova.py
ERROR tests/countries/test_monaco.py
ERROR tests/countries/test_montenegro.py
ERROR tests/countries/test_morocco.py
ERROR tests/countries/test_mozambique.py
ERROR tests/countries/test_namibia.py
ERROR tests/countries/test_netherlands.py
ERROR tests/countries/test_new_zealand.py
ERROR tests/countries/test_nicaragua.py
ERROR tests/countries/test_nigeria.py
ERROR tests/countries/test_north_macedonia.py
ERROR tests/countries/test_northern_mariana_islands.py
ERROR tests/countries/test_norway.py
ERROR tests/countries/test_pakistan.py
ERROR tests/countries/test_palau.py
ERROR tests/countries/test_panama.py
ERROR tests/countries/test_papua_new_guinea.py
ERROR tests/countries/test_paraguay.py
ERROR tests/countries/test_peru.py
ERROR tests/countries/test_philippines.py
ERROR tests/countries/test_poland.py
ERROR tests/countries/test_portugal.py
ERROR tests/countries/test_puerto_rico.py
ERROR tests/countries/test_romania.py
ERROR tests/countries/test_russia.py
ERROR tests/countries/test_saint_kitts_and_nevis.py
ERROR tests/countries/test_saint_lucia.py
ERROR tests/countries/test_samoa.py
ERROR tests/countries/test_san_marino.py
ERROR tests/countries/test_saudi_arabia.py
ERROR tests/countries/test_serbia.py
ERROR tests/countries/test_seychelles.py
ERROR tests/countries/test_singapore.py
ERROR tests/countries/test_slovakia.py
ERROR tests/countries/test_slovenia.py
ERROR tests/countries/test_south_africa.py
ERROR tests/countries/test_south_korea.py
ERROR tests/countries/test_spain.py
ERROR tests/countries/test_sri_lanka.py
ERROR tests/countries/test_sweden.py
ERROR tests/countries/test_switzerland.py
ERROR tests/countries/test_taiwan.py
ERROR tests/countries/test_tanzania.py
ERROR tests/countries/test_thailand.py
ERROR tests/countries/test_timor_leste.py
ERROR tests/countries/test_tonga.py
ERROR tests/countries/test_tunisia.py
ERROR tests/countries/test_turkey.py
ERROR tests/countries/test_tuvalu.py
ERROR tests/countries/test_ukraine.py
ERROR tests/countries/test_united_arab_emirates.py
ERROR tests/countries/test_united_kingdom.py
ERROR tests/countries/test_united_states.py
ERROR tests/countries/test_united_states_minor_outlying_islands.py
ERROR tests/countries/test_united_states_virgin_islands.py
ERROR tests/countries/test_uruguay.py
ERROR tests/countries/test_uzbekistan.py
ERROR tests/countries/test_vanuatu.py
ERROR tests/countries/test_vatican_city.py
ERROR tests/countries/test_venezuela.py
ERROR tests/countries/test_vietnam.py
ERROR tests/countries/test_zambia.py
ERROR tests/countries/test_zimbabwe.py
ERROR tests/financial/test_brasil_bolsa_balcao.py
ERROR tests/financial/test_european_central_bank.py
ERROR tests/financial/test_ice_futures_europe.py
ERROR tests/financial/test_ny_stock_exchange.py
ERROR tests/test_docs.py
ERROR tests/test_ical.py
ERROR tests/test_registry.py
ERROR tests/test_utils.py
!!!!!!!!!!!!!!!!!! Interrupted: 172 errors during collection !!!!!!!!!!!!!!!!!!
============================ 172 errors in 12.10s =============================
